{"C:\\Users\\Youcode\\Desktop\\YouCode\\WarehouseOps\\WarehouseOps\\metro.config.js": {"path":"C:\\Users\\Youcode\\Desktop\\YouCode\\WarehouseOps\\WarehouseOps\\metro.config.js","statementMap":{"0":{"start":{"line":1,"column":29},"end":{"line":1,"column":57}},"1":{"start":{"line":2,"column":27},"end":{"line":2,"column":54}},"2":{"start":{"line":3,"column":42},"end":{"line":3,"column":89}},"3":{"start":{"line":6,"column":15},"end":{"line":6,"column":42}},"4":{"start":{"line":9,"column":0},"end":{"line":11,"column":2}}},"fnMap":{},"branchMap":{},"s":{"0":0,"1":0,"2":0,"3":0,"4":0},"f":{},"b":{}}
,"C:\\Users\\Youcode\\Desktop\\YouCode\\WarehouseOps\\WarehouseOps\\nativewind-env.d.ts": {"path":"C:\\Users\\Youcode\\Desktop\\YouCode\\WarehouseOps\\WarehouseOps\\nativewind-env.d.ts","statementMap":{},"fnMap":{},"branchMap":{},"s":{},"f":{},"b":{}}
,"C:\\Users\\Youcode\\Desktop\\YouCode\\WarehouseOps\\WarehouseOps\\tailwind.config.js": {"path":"C:\\Users\\Youcode\\Desktop\\YouCode\\WarehouseOps\\WarehouseOps\\tailwind.config.js","statementMap":{"0":{"start":{"line":2,"column":0},"end":{"line":9,"column":1}}},"fnMap":{},"branchMap":{},"s":{"0":0},"f":{},"b":{}}
,"C:\\Users\\Youcode\\Desktop\\YouCode\\WarehouseOps\\WarehouseOps\\api\\config.ts": {"path":"C:\\Users\\Youcode\\Desktop\\YouCode\\WarehouseOps\\WarehouseOps\\api\\config.ts","statementMap":{"0":{"start":{"line":1,"column":23},"end":{"line":1,"column":50}}},"fnMap":{},"branchMap":{},"s":{"0":0},"f":{},"b":{}}
,"C:\\Users\\Youcode\\Desktop\\YouCode\\WarehouseOps\\WarehouseOps\\api\\productsApi.ts": {"path":"C:\\Users\\Youcode\\Desktop\\YouCode\\WarehouseOps\\WarehouseOps\\api\\productsApi.ts","statementMap":{"0":{"start":{"line":4,"column":27},"end":{"line":68,"column":1}},"1":{"start":{"line":6,"column":4},"end":{"line":15,"column":5}},"2":{"start":{"line":7,"column":23},"end":{"line":7,"column":57}},"3":{"start":{"line":8,"column":6},"end":{"line":10,"column":7}},"4":{"start":{"line":9,"column":8},"end":{"line":9,"column":55}},"5":{"start":{"line":11,"column":6},"end":{"line":11,"column":35}},"6":{"start":{"line":13,"column":6},"end":{"line":13,"column":55}},"7":{"start":{"line":14,"column":6},"end":{"line":14,"column":18}},"8":{"start":{"line":19,"column":4},"end":{"line":28,"column":5}},"9":{"start":{"line":20,"column":23},"end":{"line":20,"column":63}},"10":{"start":{"line":21,"column":6},"end":{"line":23,"column":7}},"11":{"start":{"line":22,"column":8},"end":{"line":22,"column":45}},"12":{"start":{"line":24,"column":6},"end":{"line":24,"column":35}},"13":{"start":{"line":26,"column":6},"end":{"line":26,"column":54}},"14":{"start":{"line":27,"column":6},"end":{"line":27,"column":18}},"15":{"start":{"line":32,"column":4},"end":{"line":47,"column":5}},"16":{"start":{"line":33,"column":23},"end":{"line":39,"column":8}},"17":{"start":{"line":40,"column":6},"end":{"line":42,"column":7}},"18":{"start":{"line":41,"column":8},"end":{"line":41,"column":49}},"19":{"start":{"line":43,"column":6},"end":{"line":43,"column":35}},"20":{"start":{"line":45,"column":6},"end":{"line":45,"column":52}},"21":{"start":{"line":46,"column":6},"end":{"line":46,"column":18}},"22":{"start":{"line":51,"column":4},"end":{"line":66,"column":5}},"23":{"start":{"line":52,"column":23},"end":{"line":58,"column":8}},"24":{"start":{"line":59,"column":6},"end":{"line":61,"column":7}},"25":{"start":{"line":60,"column":8},"end":{"line":60,"column":52}},"26":{"start":{"line":62,"column":6},"end":{"line":62,"column":35}},"27":{"start":{"line":64,"column":6},"end":{"line":64,"column":54}},"28":{"start":{"line":65,"column":6},"end":{"line":65,"column":18}}},"fnMap":{"0":{"name":"(anonymous_0)","decl":{"start":{"line":5,"column":18},"end":{"line":5,"column":19}},"loc":{"start":{"line":5,"column":50},"end":{"line":16,"column":3}},"line":5},"1":{"name":"(anonymous_1)","decl":{"start":{"line":18,"column":18},"end":{"line":18,"column":19}},"loc":{"start":{"line":18,"column":58},"end":{"line":29,"column":3}},"line":18},"2":{"name":"(anonymous_2)","decl":{"start":{"line":31,"column":14},"end":{"line":31,"column":15}},"loc":{"start":{"line":31,"column":69},"end":{"line":48,"column":3}},"line":31},"3":{"name":"(anonymous_3)","decl":{"start":{"line":50,"column":17},"end":{"line":50,"column":18}},"loc":{"start":{"line":50,"column":84},"end":{"line":67,"column":3}},"line":50}},"branchMap":{"0":{"loc":{"start":{"line":8,"column":6},"end":{"line":10,"column":7}},"type":"if","locations":[{"start":{"line":8,"column":6},"end":{"line":10,"column":7}},{"start":{},"end":{}}],"line":8},"1":{"loc":{"start":{"line":21,"column":6},"end":{"line":23,"column":7}},"type":"if","locations":[{"start":{"line":21,"column":6},"end":{"line":23,"column":7}},{"start":{},"end":{}}],"line":21},"2":{"loc":{"start":{"line":40,"column":6},"end":{"line":42,"column":7}},"type":"if","locations":[{"start":{"line":40,"column":6},"end":{"line":42,"column":7}},{"start":{},"end":{}}],"line":40},"3":{"loc":{"start":{"line":59,"column":6},"end":{"line":61,"column":7}},"type":"if","locations":[{"start":{"line":59,"column":6},"end":{"line":61,"column":7}},{"start":{},"end":{}}],"line":59}},"s":{"0":0,"1":0,"2":0,"3":0,"4":0,"5":0,"6":0,"7":0,"8":0,"9":0,"10":0,"11":0,"12":0,"13":0,"14":0,"15":0,"16":0,"17":0,"18":0,"19":0,"20":0,"21":0,"22":0,"23":0,"24":0,"25":0,"26":0,"27":0,"28":0},"f":{"0":0,"1":0,"2":0,"3":0},"b":{"0":[0,0],"1":[0,0],"2":[0,0],"3":[0,0]}}
,"C:\\Users\\Youcode\\Desktop\\YouCode\\WarehouseOps\\WarehouseOps\\api\\statisticsApi.ts": {"path":"C:\\Users\\Youcode\\Desktop\\YouCode\\WarehouseOps\\WarehouseOps\\api\\statisticsApi.ts","statementMap":{"0":{"start":{"line":3,"column":29},"end":{"line":64,"column":3}},"1":{"start":{"line":5,"column":6},"end":{"line":11,"column":7}},"2":{"start":{"line":6,"column":25},"end":{"line":6,"column":61}},"3":{"start":{"line":7,"column":8},"end":{"line":7,"column":37}},"4":{"start":{"line":9,"column":8},"end":{"line":9,"column":59}},"5":{"start":{"line":10,"column":8},"end":{"line":10,"column":20}},"6":{"start":{"line":15,"column":6},"end":{"line":21,"column":7}},"7":{"start":{"line":16,"column":25},"end":{"line":16,"column":70}},"8":{"start":{"line":17,"column":8},"end":{"line":17,"column":37}},"9":{"start":{"line":19,"column":8},"end":{"line":19,"column":67}},"10":{"start":{"line":20,"column":8},"end":{"line":20,"column":20}},"11":{"start":{"line":25,"column":6},"end":{"line":31,"column":7}},"12":{"start":{"line":26,"column":25},"end":{"line":26,"column":68}},"13":{"start":{"line":27,"column":8},"end":{"line":27,"column":37}},"14":{"start":{"line":29,"column":8},"end":{"line":29,"column":65}},"15":{"start":{"line":30,"column":8},"end":{"line":30,"column":20}},"16":{"start":{"line":35,"column":6},"end":{"line":41,"column":7}},"17":{"start":{"line":36,"column":25},"end":{"line":36,"column":86}},"18":{"start":{"line":37,"column":8},"end":{"line":37,"column":37}},"19":{"start":{"line":39,"column":8},"end":{"line":39,"column":69}},"20":{"start":{"line":40,"column":8},"end":{"line":40,"column":20}},"21":{"start":{"line":46,"column":6},"end":{"line":52,"column":7}},"22":{"start":{"line":47,"column":25},"end":{"line":47,"column":98}},"23":{"start":{"line":48,"column":8},"end":{"line":48,"column":37}},"24":{"start":{"line":50,"column":8},"end":{"line":50,"column":68}},"25":{"start":{"line":51,"column":8},"end":{"line":51,"column":20}},"26":{"start":{"line":56,"column":6},"end":{"line":62,"column":7}},"27":{"start":{"line":57,"column":25},"end":{"line":57,"column":67}},"28":{"start":{"line":58,"column":8},"end":{"line":58,"column":37}},"29":{"start":{"line":60,"column":8},"end":{"line":60,"column":65}},"30":{"start":{"line":61,"column":8},"end":{"line":61,"column":20}}},"fnMap":{"0":{"name":"(anonymous_0)","decl":{"start":{"line":4,"column":26},"end":{"line":4,"column":27}},"loc":{"start":{"line":4,"column":38},"end":{"line":12,"column":5}},"line":4},"1":{"name":"(anonymous_1)","decl":{"start":{"line":14,"column":26},"end":{"line":14,"column":27}},"loc":{"start":{"line":14,"column":38},"end":{"line":22,"column":5}},"line":14},"2":{"name":"(anonymous_2)","decl":{"start":{"line":24,"column":24},"end":{"line":24,"column":25}},"loc":{"start":{"line":24,"column":36},"end":{"line":32,"column":5}},"line":24},"3":{"name":"(anonymous_3)","decl":{"start":{"line":34,"column":28},"end":{"line":34,"column":29}},"loc":{"start":{"line":34,"column":59},"end":{"line":42,"column":5}},"line":34},"4":{"name":"(anonymous_4)","decl":{"start":{"line":45,"column":26},"end":{"line":45,"column":27}},"loc":{"start":{"line":45,"column":55},"end":{"line":53,"column":5}},"line":45},"5":{"name":"(anonymous_5)","decl":{"start":{"line":55,"column":24},"end":{"line":55,"column":25}},"loc":{"start":{"line":55,"column":36},"end":{"line":63,"column":5}},"line":55}},"branchMap":{"0":{"loc":{"start":{"line":45,"column":33},"end":{"line":45,"column":50}},"type":"default-arg","locations":[{"start":{"line":45,"column":42},"end":{"line":45,"column":50}}],"line":45}},"s":{"0":0,"1":0,"2":0,"3":0,"4":0,"5":0,"6":0,"7":0,"8":0,"9":0,"10":0,"11":0,"12":0,"13":0,"14":0,"15":0,"16":0,"17":0,"18":0,"19":0,"20":0,"21":0,"22":0,"23":0,"24":0,"25":0,"26":0,"27":0,"28":0,"29":0,"30":0},"f":{"0":0,"1":0,"2":0,"3":0,"4":0,"5":0},"b":{"0":[0]}}
,"C:\\Users\\Youcode\\Desktop\\YouCode\\WarehouseOps\\WarehouseOps\\api\\warehousemansApi.js": {"path":"C:\\Users\\Youcode\\Desktop\\YouCode\\WarehouseOps\\WarehouseOps\\api\\warehousemansApi.js","statementMap":{"0":{"start":{"line":3,"column":32},"end":{"line":77,"column":1}},"1":{"start":{"line":5,"column":4},"end":{"line":11,"column":5}},"2":{"start":{"line":6,"column":23},"end":{"line":6,"column":62}},"3":{"start":{"line":7,"column":6},"end":{"line":7,"column":35}},"4":{"start":{"line":9,"column":6},"end":{"line":9,"column":60}},"5":{"start":{"line":10,"column":6},"end":{"line":10,"column":18}},"6":{"start":{"line":15,"column":4},"end":{"line":21,"column":5}},"7":{"start":{"line":16,"column":23},"end":{"line":16,"column":68}},"8":{"start":{"line":17,"column":6},"end":{"line":17,"column":35}},"9":{"start":{"line":19,"column":6},"end":{"line":19,"column":59}},"10":{"start":{"line":20,"column":6},"end":{"line":20,"column":18}},"11":{"start":{"line":25,"column":4},"end":{"line":37,"column":5}},"12":{"start":{"line":26,"column":23},"end":{"line":32,"column":8}},"13":{"start":{"line":33,"column":6},"end":{"line":33,"column":35}},"14":{"start":{"line":35,"column":6},"end":{"line":35,"column":57}},"15":{"start":{"line":36,"column":6},"end":{"line":36,"column":18}},"16":{"start":{"line":41,"column":4},"end":{"line":53,"column":5}},"17":{"start":{"line":42,"column":23},"end":{"line":48,"column":8}},"18":{"start":{"line":49,"column":6},"end":{"line":49,"column":35}},"19":{"start":{"line":51,"column":6},"end":{"line":51,"column":59}},"20":{"start":{"line":52,"column":6},"end":{"line":52,"column":18}},"21":{"start":{"line":57,"column":4},"end":{"line":65,"column":5}},"22":{"start":{"line":58,"column":23},"end":{"line":60,"column":8}},"23":{"start":{"line":61,"column":6},"end":{"line":61,"column":35}},"24":{"start":{"line":63,"column":6},"end":{"line":63,"column":59}},"25":{"start":{"line":64,"column":6},"end":{"line":64,"column":18}},"26":{"start":{"line":69,"column":4},"end":{"line":75,"column":5}},"27":{"start":{"line":70,"column":23},"end":{"line":70,"column":87}},"28":{"start":{"line":71,"column":6},"end":{"line":71,"column":35}},"29":{"start":{"line":73,"column":6},"end":{"line":73,"column":73}},"30":{"start":{"line":74,"column":6},"end":{"line":74,"column":18}}},"fnMap":{"0":{"name":"(anonymous_0)","decl":{"start":{"line":4,"column":23},"end":{"line":4,"column":24}},"loc":{"start":{"line":4,"column":35},"end":{"line":12,"column":3}},"line":4},"1":{"name":"(anonymous_1)","decl":{"start":{"line":14,"column":23},"end":{"line":14,"column":24}},"loc":{"start":{"line":14,"column":37},"end":{"line":22,"column":3}},"line":14},"2":{"name":"(anonymous_2)","decl":{"start":{"line":24,"column":19},"end":{"line":24,"column":20}},"loc":{"start":{"line":24,"column":43},"end":{"line":38,"column":3}},"line":24},"3":{"name":"(anonymous_3)","decl":{"start":{"line":40,"column":22},"end":{"line":40,"column":23}},"loc":{"start":{"line":40,"column":45},"end":{"line":54,"column":3}},"line":40},"4":{"name":"(anonymous_4)","decl":{"start":{"line":56,"column":22},"end":{"line":56,"column":23}},"loc":{"start":{"line":56,"column":36},"end":{"line":66,"column":3}},"line":56},"5":{"name":"(anonymous_5)","decl":{"start":{"line":68,"column":31},"end":{"line":68,"column":32}},"loc":{"start":{"line":68,"column":54},"end":{"line":76,"column":3}},"line":68}},"branchMap":{},"s":{"0":0,"1":0,"2":0,"3":0,"4":0,"5":0,"6":0,"7":0,"8":0,"9":0,"10":0,"11":0,"12":0,"13":0,"14":0,"15":0,"16":0,"17":0,"18":0,"19":0,"20":0,"21":0,"22":0,"23":0,"24":0,"25":0,"26":0,"27":0,"28":0,"29":0,"30":0},"f":{"0":0,"1":0,"2":0,"3":0,"4":0,"5":0},"b":{}}
,"C:\\Users\\Youcode\\Desktop\\YouCode\\WarehouseOps\\WarehouseOps\\app\\_layout.tsx": {"path":"C:\\Users\\Youcode\\Desktop\\YouCode\\WarehouseOps\\WarehouseOps\\app\\_layout.tsx","statementMap":{"0":{"start":{"line":6,"column":2},"end":{"line":14,"column":4}}},"fnMap":{"0":{"name":"RootLayout","decl":{"start":{"line":5,"column":24},"end":{"line":5,"column":34}},"loc":{"start":{"line":5,"column":37},"end":{"line":15,"column":1}},"line":5}},"branchMap":{},"s":{"0":0},"f":{"0":0},"b":{}}
,"C:\\Users\\Youcode\\Desktop\\YouCode\\WarehouseOps\\WarehouseOps\\app\\index.tsx": {"path":"C:\\Users\\Youcode\\Desktop\\YouCode\\WarehouseOps\\WarehouseOps\\app\\index.tsx","statementMap":{"0":{"start":{"line":6,"column":21},"end":{"line":78,"column":1}},"1":{"start":{"line":7,"column":27},"end":{"line":9,"column":3}},"2":{"start":{"line":8,"column":4},"end":{"line":8,"column":26}},"3":{"start":{"line":11,"column":2},"end":{"line":77,"column":4}}},"fnMap":{"0":{"name":"(anonymous_0)","decl":{"start":{"line":6,"column":21},"end":{"line":6,"column":22}},"loc":{"start":{"line":6,"column":27},"end":{"line":78,"column":1}},"line":6},"1":{"name":"(anonymous_1)","decl":{"start":{"line":7,"column":27},"end":{"line":7,"column":28}},"loc":{"start":{"line":7,"column":33},"end":{"line":9,"column":3}},"line":7}},"branchMap":{},"s":{"0":0,"1":0,"2":0,"3":0},"f":{"0":0,"1":0},"b":{}}
,"C:\\Users\\Youcode\\Desktop\\YouCode\\WarehouseOps\\WarehouseOps\\app\\(tabs)\\_layout.tsx": {"path":"C:\\Users\\Youcode\\Desktop\\YouCode\\WarehouseOps\\WarehouseOps\\app\\(tabs)\\_layout.tsx","statementMap":{"0":{"start":{"line":7,"column":18},"end":{"line":86,"column":1}},"1":{"start":{"line":8,"column":19},"end":{"line":8,"column":32}},"2":{"start":{"line":9,"column":27},"end":{"line":9,"column":61}},"3":{"start":{"line":10,"column":21},"end":{"line":10,"column":47}},"4":{"start":{"line":12,"column":2},"end":{"line":85,"column":4}},"5":{"start":{"line":40,"column":37},"end":{"line":40,"column":69}},"6":{"start":{"line":48,"column":37},"end":{"line":48,"column":72}},"7":{"start":{"line":56,"column":29},"end":{"line":56,"column":33}},"8":{"start":{"line":58,"column":12},"end":{"line":65,"column":19}},"9":{"start":{"line":73,"column":37},"end":{"line":73,"column":74}},"10":{"start":{"line":81,"column":37},"end":{"line":81,"column":73}}},"fnMap":{"0":{"name":"(anonymous_0)","decl":{"start":{"line":7,"column":18},"end":{"line":7,"column":19}},"loc":{"start":{"line":7,"column":24},"end":{"line":86,"column":1}},"line":7},"1":{"name":"(anonymous_1)","decl":{"start":{"line":40,"column":22},"end":{"line":40,"column":23}},"loc":{"start":{"line":40,"column":37},"end":{"line":40,"column":69}},"line":40},"2":{"name":"(anonymous_2)","decl":{"start":{"line":48,"column":22},"end":{"line":48,"column":23}},"loc":{"start":{"line":48,"column":37},"end":{"line":48,"column":72}},"line":48},"3":{"name":"(anonymous_3)","decl":{"start":{"line":56,"column":23},"end":{"line":56,"column":24}},"loc":{"start":{"line":56,"column":29},"end":{"line":56,"column":33}},"line":56},"4":{"name":"(anonymous_4)","decl":{"start":{"line":57,"column":22},"end":{"line":57,"column":23}},"loc":{"start":{"line":58,"column":12},"end":{"line":65,"column":19}},"line":58},"5":{"name":"(anonymous_5)","decl":{"start":{"line":73,"column":22},"end":{"line":73,"column":23}},"loc":{"start":{"line":73,"column":37},"end":{"line":73,"column":74}},"line":73},"6":{"name":"(anonymous_6)","decl":{"start":{"line":81,"column":22},"end":{"line":81,"column":23}},"loc":{"start":{"line":81,"column":37},"end":{"line":81,"column":73}},"line":81}},"branchMap":{"0":{"loc":{"start":{"line":28,"column":19},"end":{"line":28,"column":67}},"type":"cond-expr","locations":[{"start":{"line":28,"column":52},"end":{"line":28,"column":58}},{"start":{"line":28,"column":61},"end":{"line":28,"column":67}}],"line":28},"1":{"loc":{"start":{"line":28,"column":19},"end":{"line":28,"column":49}},"type":"binary-expr","locations":[{"start":{"line":28,"column":19},"end":{"line":28,"column":35}},{"start":{"line":28,"column":39},"end":{"line":28,"column":49}}],"line":28}},"s":{"0":0,"1":0,"2":0,"3":0,"4":0,"5":0,"6":0,"7":0,"8":0,"9":0,"10":0},"f":{"0":0,"1":0,"2":0,"3":0,"4":0,"5":0,"6":0},"b":{"0":[0,0],"1":[0,0]}}
,"C:\\Users\\Youcode\\Desktop\\YouCode\\WarehouseOps\\WarehouseOps\\app\\(tabs)\\stats.tsx": {"path":"C:\\Users\\Youcode\\Desktop\\YouCode\\WarehouseOps\\WarehouseOps\\app\\(tabs)\\stats.tsx","statementMap":{"0":{"start":{"line":12,"column":20},"end":{"line":97,"column":1}},"1":{"start":{"line":13,"column":38},"end":{"line":13,"column":52}},"2":{"start":{"line":14,"column":46},"end":{"line":14,"column":58}},"3":{"start":{"line":16,"column":2},"end":{"line":18,"column":9}},"4":{"start":{"line":17,"column":4},"end":{"line":17,"column":22}},"5":{"start":{"line":20,"column":26},"end":{"line":28,"column":3}},"6":{"start":{"line":21,"column":4},"end":{"line":27,"column":5}},"7":{"start":{"line":22,"column":23},"end":{"line":22,"column":74}},"8":{"start":{"line":23,"column":19},"end":{"line":23,"column":40}},"9":{"start":{"line":24,"column":6},"end":{"line":24,"column":26}},"10":{"start":{"line":26,"column":6},"end":{"line":26,"column":57}},"11":{"start":{"line":30,"column":19},"end":{"line":54,"column":3}},"12":{"start":{"line":31,"column":4},"end":{"line":53,"column":11}},"13":{"start":{"line":56,"column":2},"end":{"line":96,"column":4}},"14":{"start":{"line":89,"column":10},"end":{"line":92,"column":17}}},"fnMap":{"0":{"name":"(anonymous_0)","decl":{"start":{"line":12,"column":20},"end":{"line":12,"column":21}},"loc":{"start":{"line":12,"column":26},"end":{"line":97,"column":1}},"line":12},"1":{"name":"(anonymous_1)","decl":{"start":{"line":16,"column":12},"end":{"line":16,"column":13}},"loc":{"start":{"line":16,"column":18},"end":{"line":18,"column":3}},"line":16},"2":{"name":"(anonymous_2)","decl":{"start":{"line":20,"column":26},"end":{"line":20,"column":27}},"loc":{"start":{"line":20,"column":38},"end":{"line":28,"column":3}},"line":20},"3":{"name":"(anonymous_3)","decl":{"start":{"line":30,"column":19},"end":{"line":30,"column":20}},"loc":{"start":{"line":31,"column":4},"end":{"line":53,"column":11}},"line":31},"4":{"name":"(anonymous_4)","decl":{"start":{"line":88,"column":28},"end":{"line":88,"column":29}},"loc":{"start":{"line":89,"column":10},"end":{"line":92,"column":17}},"line":89}},"branchMap":{"0":{"loc":{"start":{"line":41,"column":7},"end":{"line":52,"column":7}},"type":"binary-expr","locations":[{"start":{"line":41,"column":7},"end":{"line":41,"column":12}},{"start":{"line":42,"column":8},"end":{"line":51,"column":15}}],"line":41},"1":{"loc":{"start":{"line":43,"column":11},"end":{"line":47,"column":11}},"type":"cond-expr","locations":[{"start":{"line":44,"column":12},"end":{"line":44,"column":52}},{"start":{"line":46,"column":12},"end":{"line":46,"column":54}}],"line":43},"2":{"loc":{"start":{"line":48,"column":27},"end":{"line":48,"column":82}},"type":"cond-expr","locations":[{"start":{"line":48,"column":39},"end":{"line":48,"column":60}},{"start":{"line":48,"column":63},"end":{"line":48,"column":82}}],"line":48},"3":{"loc":{"start":{"line":62,"column":15},"end":{"line":62,"column":45}},"type":"binary-expr","locations":[{"start":{"line":62,"column":15},"end":{"line":62,"column":40}},{"start":{"line":62,"column":44},"end":{"line":62,"column":45}}],"line":62},"4":{"loc":{"start":{"line":70,"column":15},"end":{"line":70,"column":42}},"type":"binary-expr","locations":[{"start":{"line":70,"column":15},"end":{"line":70,"column":37}},{"start":{"line":70,"column":41},"end":{"line":70,"column":42}}],"line":70},"5":{"loc":{"start":{"line":78,"column":19},"end":{"line":78,"column":51}},"type":"binary-expr","locations":[{"start":{"line":78,"column":19},"end":{"line":78,"column":46}},{"start":{"line":78,"column":50},"end":{"line":78,"column":51}}],"line":78}},"s":{"0":0,"1":0,"2":0,"3":0,"4":0,"5":0,"6":0,"7":0,"8":0,"9":0,"10":0,"11":0,"12":0,"13":0,"14":0},"f":{"0":0,"1":0,"2":0,"3":0,"4":0},"b":{"0":[0,0],"1":[0,0],"2":[0,0],"3":[0,0],"4":[0,0],"5":[0,0]}}
,"C:\\Users\\Youcode\\Desktop\\YouCode\\WarehouseOps\\WarehouseOps\\app\\(tabs)\\home\\_layout.tsx": {"path":"C:\\Users\\Youcode\\Desktop\\YouCode\\WarehouseOps\\WarehouseOps\\app\\(tabs)\\home\\_layout.tsx","statementMap":{"0":{"start":{"line":4,"column":2},"end":{"line":8,"column":4}}},"fnMap":{"0":{"name":"HomeLayout","decl":{"start":{"line":3,"column":24},"end":{"line":3,"column":34}},"loc":{"start":{"line":3,"column":37},"end":{"line":9,"column":1}},"line":3}},"branchMap":{},"s":{"0":0},"f":{"0":0},"b":{}}
,"C:\\Users\\Youcode\\Desktop\\YouCode\\WarehouseOps\\WarehouseOps\\app\\(tabs)\\home\\index.tsx": {"path":"C:\\Users\\Youcode\\Desktop\\YouCode\\WarehouseOps\\WarehouseOps\\app\\(tabs)\\home\\index.tsx","statementMap":{"0":{"start":{"line":26,"column":16},"end":{"line":26,"column":47}},"1":{"start":{"line":38,"column":42},"end":{"line":54,"column":1}},"2":{"start":{"line":39,"column":2},"end":{"line":53,"column":9}},"3":{"start":{"line":57,"column":32},"end":{"line":65,"column":1}},"4":{"start":{"line":58,"column":23},"end":{"line":58,"column":71}},"5":{"start":{"line":60,"column":2},"end":{"line":64,"column":4}},"6":{"start":{"line":67,"column":34},"end":{"line":70,"column":3}},"7":{"start":{"line":68,"column":2},"end":{"line":70,"column":3}},"8":{"start":{"line":69,"column":4},"end":{"line":69,"column":60}},"9":{"start":{"line":69,"column":35},"end":{"line":69,"column":59}},"10":{"start":{"line":72,"column":32},"end":{"line":77,"column":10}},"11":{"start":{"line":73,"column":2},"end":{"line":77,"column":10}},"12":{"start":{"line":74,"column":4},"end":{"line":76,"column":5}},"13":{"start":{"line":75,"column":6},"end":{"line":75,"column":54}},"14":{"start":{"line":79,"column":33},"end":{"line":83,"column":7}},"15":{"start":{"line":80,"column":2},"end":{"line":83,"column":7}},"16":{"start":{"line":81,"column":18},"end":{"line":81,"column":66}},"17":{"start":{"line":81,"column":45},"end":{"line":81,"column":65}},"18":{"start":{"line":82,"column":4},"end":{"line":82,"column":62}},"19":{"start":{"line":85,"column":26},"end":{"line":96,"column":20}},"20":{"start":{"line":86,"column":2},"end":{"line":96,"column":20}},"21":{"start":{"line":88,"column":6},"end":{"line":90,"column":7}},"22":{"start":{"line":89,"column":8},"end":{"line":89,"column":49}},"23":{"start":{"line":93,"column":6},"end":{"line":94,"column":43}},"24":{"start":{"line":98,"column":29},"end":{"line":204,"column":1}},"25":{"start":{"line":99,"column":38},"end":{"line":99,"column":71}},"26":{"start":{"line":100,"column":49},"end":{"line":100,"column":62}},"27":{"start":{"line":101,"column":17},"end":{"line":101,"column":28}},"28":{"start":{"line":102,"column":15},"end":{"line":102,"column":65}},"29":{"start":{"line":102,"column":49},"end":{"line":102,"column":64}},"30":{"start":{"line":104,"column":26},"end":{"line":113,"column":3}},"31":{"start":{"line":105,"column":4},"end":{"line":112,"column":5}},"32":{"start":{"line":106,"column":23},"end":{"line":106,"column":59}},"33":{"start":{"line":107,"column":6},"end":{"line":107,"column":70}},"34":{"start":{"line":107,"column":24},"end":{"line":107,"column":70}},"35":{"start":{"line":108,"column":31},"end":{"line":108,"column":52}},"36":{"start":{"line":109,"column":6},"end":{"line":109,"column":26}},"37":{"start":{"line":111,"column":6},"end":{"line":111,"column":57}},"38":{"start":{"line":115,"column":20},"end":{"line":121,"column":23}},"39":{"start":{"line":116,"column":4},"end":{"line":120,"column":5}},"40":{"start":{"line":117,"column":6},"end":{"line":117,"column":64}},"41":{"start":{"line":119,"column":6},"end":{"line":119,"column":53}},"42":{"start":{"line":123,"column":2},"end":{"line":125,"column":3}},"43":{"start":{"line":124,"column":4},"end":{"line":124,"column":16}},"44":{"start":{"line":127,"column":25},"end":{"line":127,"column":76}},"45":{"start":{"line":128,"column":25},"end":{"line":128,"column":64}},"46":{"start":{"line":130,"column":2},"end":{"line":203,"column":4}},"47":{"start":{"line":187,"column":18},"end":{"line":191,"column":20}},"48":{"start":{"line":190,"column":35},"end":{"line":190,"column":73}}},"fnMap":{"0":{"name":"(anonymous_0)","decl":{"start":{"line":38,"column":42},"end":{"line":38,"column":43}},"loc":{"start":{"line":39,"column":2},"end":{"line":53,"column":9}},"line":39},"1":{"name":"(anonymous_1)","decl":{"start":{"line":57,"column":32},"end":{"line":57,"column":33}},"loc":{"start":{"line":57,"column":78},"end":{"line":65,"column":1}},"line":57},"2":{"name":"(anonymous_2)","decl":{"start":{"line":67,"column":34},"end":{"line":67,"column":35}},"loc":{"start":{"line":68,"column":2},"end":{"line":70,"column":3}},"line":68},"3":{"name":"(anonymous_3)","decl":{"start":{"line":68,"column":18},"end":{"line":68,"column":19}},"loc":{"start":{"line":69,"column":4},"end":{"line":69,"column":60}},"line":69},"4":{"name":"(anonymous_4)","decl":{"start":{"line":69,"column":24},"end":{"line":69,"column":25}},"loc":{"start":{"line":69,"column":35},"end":{"line":69,"column":59}},"line":69},"5":{"name":"(anonymous_5)","decl":{"start":{"line":72,"column":32},"end":{"line":72,"column":33}},"loc":{"start":{"line":73,"column":2},"end":{"line":77,"column":10}},"line":73},"6":{"name":"(anonymous_6)","decl":{"start":{"line":73,"column":18},"end":{"line":73,"column":19}},"loc":{"start":{"line":74,"column":4},"end":{"line":76,"column":5}},"line":74},"7":{"name":"(anonymous_7)","decl":{"start":{"line":74,"column":24},"end":{"line":74,"column":25}},"loc":{"start":{"line":75,"column":6},"end":{"line":75,"column":54}},"line":75},"8":{"name":"(anonymous_8)","decl":{"start":{"line":79,"column":33},"end":{"line":79,"column":34}},"loc":{"start":{"line":80,"column":2},"end":{"line":83,"column":7}},"line":80},"9":{"name":"(anonymous_9)","decl":{"start":{"line":80,"column":18},"end":{"line":80,"column":19}},"loc":{"start":{"line":80,"column":36},"end":{"line":83,"column":3}},"line":80},"10":{"name":"(anonymous_10)","decl":{"start":{"line":81,"column":38},"end":{"line":81,"column":39}},"loc":{"start":{"line":81,"column":45},"end":{"line":81,"column":65}},"line":81},"11":{"name":"(anonymous_11)","decl":{"start":{"line":85,"column":26},"end":{"line":85,"column":27}},"loc":{"start":{"line":86,"column":2},"end":{"line":96,"column":20}},"line":86},"12":{"name":"(anonymous_12)","decl":{"start":{"line":87,"column":12},"end":{"line":87,"column":13}},"loc":{"start":{"line":88,"column":6},"end":{"line":90,"column":7}},"line":88},"13":{"name":"(anonymous_13)","decl":{"start":{"line":88,"column":28},"end":{"line":88,"column":29}},"loc":{"start":{"line":89,"column":8},"end":{"line":89,"column":49}},"line":89},"14":{"name":"(anonymous_14)","decl":{"start":{"line":92,"column":10},"end":{"line":92,"column":11}},"loc":{"start":{"line":93,"column":6},"end":{"line":94,"column":43}},"line":93},"15":{"name":"(anonymous_15)","decl":{"start":{"line":98,"column":29},"end":{"line":98,"column":30}},"loc":{"start":{"line":98,"column":35},"end":{"line":204,"column":1}},"line":98},"16":{"name":"(anonymous_16)","decl":{"start":{"line":102,"column":27},"end":{"line":102,"column":28}},"loc":{"start":{"line":102,"column":49},"end":{"line":102,"column":64}},"line":102},"17":{"name":"(anonymous_17)","decl":{"start":{"line":104,"column":26},"end":{"line":104,"column":27}},"loc":{"start":{"line":104,"column":38},"end":{"line":113,"column":3}},"line":104},"18":{"name":"(anonymous_18)","decl":{"start":{"line":115,"column":32},"end":{"line":115,"column":33}},"loc":{"start":{"line":115,"column":44},"end":{"line":121,"column":3}},"line":115},"19":{"name":"(anonymous_19)","decl":{"start":{"line":186,"column":36},"end":{"line":186,"column":37}},"loc":{"start":{"line":187,"column":18},"end":{"line":191,"column":20}},"line":187},"20":{"name":"(anonymous_20)","decl":{"start":{"line":190,"column":29},"end":{"line":190,"column":30}},"loc":{"start":{"line":190,"column":35},"end":{"line":190,"column":73}},"line":190}},"branchMap":{"0":{"loc":{"start":{"line":44,"column":7},"end":{"line":49,"column":7}},"type":"binary-expr","locations":[{"start":{"line":44,"column":7},"end":{"line":44,"column":20}},{"start":{"line":45,"column":8},"end":{"line":48,"column":15}}],"line":44},"1":{"loc":{"start":{"line":75,"column":6},"end":{"line":75,"column":54}},"type":"binary-expr","locations":[{"start":{"line":75,"column":6},"end":{"line":75,"column":30}},{"start":{"line":75,"column":34},"end":{"line":75,"column":54}}],"line":75},"2":{"loc":{"start":{"line":82,"column":18},"end":{"line":82,"column":60}},"type":"cond-expr","locations":[{"start":{"line":82,"column":26},"end":{"line":82,"column":56}},{"start":{"line":82,"column":59},"end":{"line":82,"column":60}}],"line":82},"3":{"loc":{"start":{"line":107,"column":6},"end":{"line":107,"column":70}},"type":"if","locations":[{"start":{"line":107,"column":6},"end":{"line":107,"column":70}},{"start":{},"end":{}}],"line":107},"4":{"loc":{"start":{"line":123,"column":2},"end":{"line":125,"column":3}},"type":"if","locations":[{"start":{"line":123,"column":2},"end":{"line":125,"column":3}},{"start":{},"end":{}}],"line":123},"5":{"loc":{"start":{"line":123,"column":6},"end":{"line":123,"column":37}},"type":"binary-expr","locations":[{"start":{"line":123,"column":6},"end":{"line":123,"column":24}},{"start":{"line":123,"column":28},"end":{"line":123,"column":37}}],"line":123},"6":{"loc":{"start":{"line":180,"column":13},"end":{"line":198,"column":13}},"type":"cond-expr","locations":[{"start":{"line":181,"column":14},"end":{"line":193,"column":27}},{"start":{"line":195,"column":14},"end":{"line":197,"column":21}}],"line":180}},"s":{"0":0,"1":0,"2":0,"3":0,"4":0,"5":0,"6":0,"7":0,"8":0,"9":0,"10":0,"11":0,"12":0,"13":0,"14":0,"15":0,"16":0,"17":0,"18":0,"19":0,"20":0,"21":0,"22":0,"23":0,"24":0,"25":0,"26":0,"27":0,"28":0,"29":0,"30":0,"31":0,"32":0,"33":0,"34":0,"35":0,"36":0,"37":0,"38":0,"39":0,"40":0,"41":0,"42":0,"43":0,"44":0,"45":0,"46":0,"47":0,"48":0},"f":{"0":0,"1":0,"2":0,"3":0,"4":0,"5":0,"6":0,"7":0,"8":0,"9":0,"10":0,"11":0,"12":0,"13":0,"14":0,"15":0,"16":0,"17":0,"18":0,"19":0,"20":0},"b":{"0":[0,0],"1":[0,0],"2":[0,0],"3":[0,0],"4":[0,0],"5":[0,0],"6":[0,0]}}
,"C:\\Users\\Youcode\\Desktop\\YouCode\\WarehouseOps\\WarehouseOps\\app\\(tabs)\\products\\[id].tsx": {"path":"C:\\Users\\Youcode\\Desktop\\YouCode\\WarehouseOps\\WarehouseOps\\app\\(tabs)\\products\\[id].tsx","statementMap":{"0":{"start":{"line":33,"column":16},"end":{"line":33,"column":47}},"1":{"start":{"line":51,"column":42},"end":{"line":72,"column":1}},"2":{"start":{"line":58,"column":2},"end":{"line":71,"column":9}},"3":{"start":{"line":74,"column":40},"end":{"line":97,"column":1}},"4":{"start":{"line":81,"column":2},"end":{"line":96,"column":9}},"5":{"start":{"line":99,"column":33},"end":{"line":329,"column":1}},"6":{"start":{"line":100,"column":17},"end":{"line":100,"column":28}},"7":{"start":{"line":101,"column":17},"end":{"line":101,"column":39}},"8":{"start":{"line":102,"column":32},"end":{"line":102,"column":62}},"9":{"start":{"line":103,"column":32},"end":{"line":103,"column":46}},"10":{"start":{"line":104,"column":19},"end":{"line":104,"column":28}},"11":{"start":{"line":105,"column":54},"end":{"line":105,"column":69}},"12":{"start":{"line":107,"column":2},"end":{"line":109,"column":11}},"13":{"start":{"line":108,"column":4},"end":{"line":108,"column":26}},"14":{"start":{"line":111,"column":30},"end":{"line":121,"column":3}},"15":{"start":{"line":112,"column":4},"end":{"line":120,"column":5}},"16":{"start":{"line":113,"column":23},"end":{"line":113,"column":78}},"17":{"start":{"line":114,"column":19},"end":{"line":114,"column":40}},"18":{"start":{"line":115,"column":6},"end":{"line":115,"column":23}},"19":{"start":{"line":117,"column":6},"end":{"line":117,"column":62}},"20":{"start":{"line":119,"column":6},"end":{"line":119,"column":24}},"21":{"start":{"line":123,"column":22},"end":{"line":133,"column":3}},"22":{"start":{"line":124,"column":4},"end":{"line":124,"column":25}},"23":{"start":{"line":124,"column":18},"end":{"line":124,"column":25}},"24":{"start":{"line":125,"column":4},"end":{"line":132,"column":5}},"25":{"start":{"line":126,"column":6},"end":{"line":129,"column":9}},"26":{"start":{"line":131,"column":6},"end":{"line":131,"column":53}},"27":{"start":{"line":135,"column":24},"end":{"line":138,"column":3}},"28":{"start":{"line":136,"column":4},"end":{"line":136,"column":27}},"29":{"start":{"line":136,"column":18},"end":{"line":136,"column":27}},"30":{"start":{"line":137,"column":4},"end":{"line":137,"column":74}},"31":{"start":{"line":137,"column":49},"end":{"line":137,"column":69}},"32":{"start":{"line":140,"column":32},"end":{"line":143,"column":3}},"33":{"start":{"line":141,"column":4},"end":{"line":141,"column":52}},"34":{"start":{"line":141,"column":40},"end":{"line":141,"column":52}},"35":{"start":{"line":142,"column":4},"end":{"line":142,"column":71}},"36":{"start":{"line":142,"column":40},"end":{"line":142,"column":69}},"37":{"start":{"line":145,"column":2},"end":{"line":147,"column":3}},"38":{"start":{"line":146,"column":4},"end":{"line":146,"column":30}},"39":{"start":{"line":149,"column":2},"end":{"line":162,"column":3}},"40":{"start":{"line":150,"column":4},"end":{"line":161,"column":6}},"41":{"start":{"line":155,"column":25},"end":{"line":155,"column":38}},"42":{"start":{"line":164,"column":21},"end":{"line":164,"column":41}},"43":{"start":{"line":165,"column":29},"end":{"line":165,"column":52}},"44":{"start":{"line":167,"column":2},"end":{"line":328,"column":4}},"45":{"start":{"line":174,"column":29},"end":{"line":174,"column":42}},"46":{"start":{"line":190,"column":31},"end":{"line":190,"column":58}},"47":{"start":{"line":323,"column":23},"end":{"line":323,"column":51}}},"fnMap":{"0":{"name":"(anonymous_0)","decl":{"start":{"line":51,"column":42},"end":{"line":51,"column":43}},"loc":{"start":{"line":58,"column":2},"end":{"line":71,"column":9}},"line":58},"1":{"name":"(anonymous_1)","decl":{"start":{"line":74,"column":40},"end":{"line":74,"column":41}},"loc":{"start":{"line":81,"column":2},"end":{"line":96,"column":9}},"line":81},"2":{"name":"(anonymous_2)","decl":{"start":{"line":99,"column":33},"end":{"line":99,"column":34}},"loc":{"start":{"line":99,"column":39},"end":{"line":329,"column":1}},"line":99},"3":{"name":"(anonymous_3)","decl":{"start":{"line":107,"column":12},"end":{"line":107,"column":13}},"loc":{"start":{"line":107,"column":18},"end":{"line":109,"column":3}},"line":107},"4":{"name":"(anonymous_4)","decl":{"start":{"line":111,"column":30},"end":{"line":111,"column":31}},"loc":{"start":{"line":111,"column":42},"end":{"line":121,"column":3}},"line":111},"5":{"name":"(anonymous_5)","decl":{"start":{"line":123,"column":22},"end":{"line":123,"column":23}},"loc":{"start":{"line":123,"column":34},"end":{"line":133,"column":3}},"line":123},"6":{"name":"(anonymous_6)","decl":{"start":{"line":135,"column":24},"end":{"line":135,"column":25}},"loc":{"start":{"line":135,"column":30},"end":{"line":138,"column":3}},"line":135},"7":{"name":"(anonymous_7)","decl":{"start":{"line":137,"column":33},"end":{"line":137,"column":34}},"loc":{"start":{"line":137,"column":49},"end":{"line":137,"column":69}},"line":137},"8":{"name":"(anonymous_8)","decl":{"start":{"line":140,"column":32},"end":{"line":140,"column":33}},"loc":{"start":{"line":140,"column":38},"end":{"line":143,"column":3}},"line":140},"9":{"name":"(anonymous_9)","decl":{"start":{"line":142,"column":31},"end":{"line":142,"column":32}},"loc":{"start":{"line":142,"column":40},"end":{"line":142,"column":69}},"line":142},"10":{"name":"(anonymous_10)","decl":{"start":{"line":155,"column":19},"end":{"line":155,"column":20}},"loc":{"start":{"line":155,"column":25},"end":{"line":155,"column":38}},"line":155},"11":{"name":"(anonymous_11)","decl":{"start":{"line":174,"column":23},"end":{"line":174,"column":24}},"loc":{"start":{"line":174,"column":29},"end":{"line":174,"column":42}},"line":174},"12":{"name":"(anonymous_12)","decl":{"start":{"line":190,"column":25},"end":{"line":190,"column":26}},"loc":{"start":{"line":190,"column":31},"end":{"line":190,"column":58}},"line":190},"13":{"name":"(anonymous_13)","decl":{"start":{"line":323,"column":17},"end":{"line":323,"column":18}},"loc":{"start":{"line":323,"column":23},"end":{"line":323,"column":51}},"line":323}},"branchMap":{"0":{"loc":{"start":{"line":62,"column":34},"end":{"line":62,"column":68}},"type":"cond-expr","locations":[{"start":{"line":62,"column":44},"end":{"line":62,"column":53}},{"start":{"line":62,"column":56},"end":{"line":62,"column":68}}],"line":62},"1":{"loc":{"start":{"line":64,"column":31},"end":{"line":64,"column":58}},"type":"cond-expr","locations":[{"start":{"line":64,"column":41},"end":{"line":64,"column":50}},{"start":{"line":64,"column":53},"end":{"line":64,"column":58}}],"line":64},"2":{"loc":{"start":{"line":83,"column":6},"end":{"line":83,"column":57}},"type":"cond-expr","locations":[{"start":{"line":83,"column":16},"end":{"line":83,"column":52}},{"start":{"line":83,"column":55},"end":{"line":83,"column":57}}],"line":83},"3":{"loc":{"start":{"line":124,"column":4},"end":{"line":124,"column":25}},"type":"if","locations":[{"start":{"line":124,"column":4},"end":{"line":124,"column":25}},{"start":{},"end":{}}],"line":124},"4":{"loc":{"start":{"line":136,"column":4},"end":{"line":136,"column":27}},"type":"if","locations":[{"start":{"line":136,"column":4},"end":{"line":136,"column":27}},{"start":{},"end":{}}],"line":136},"5":{"loc":{"start":{"line":141,"column":4},"end":{"line":141,"column":52}},"type":"if","locations":[{"start":{"line":141,"column":4},"end":{"line":141,"column":52}},{"start":{},"end":{}}],"line":141},"6":{"loc":{"start":{"line":141,"column":8},"end":{"line":141,"column":38}},"type":"binary-expr","locations":[{"start":{"line":141,"column":8},"end":{"line":141,"column":16}},{"start":{"line":141,"column":20},"end":{"line":141,"column":38}}],"line":141},"7":{"loc":{"start":{"line":145,"column":2},"end":{"line":147,"column":3}},"type":"if","locations":[{"start":{"line":145,"column":2},"end":{"line":147,"column":3}},{"start":{},"end":{}}],"line":145},"8":{"loc":{"start":{"line":149,"column":2},"end":{"line":162,"column":3}},"type":"if","locations":[{"start":{"line":149,"column":2},"end":{"line":162,"column":3}},{"start":{},"end":{}}],"line":149},"9":{"loc":{"start":{"line":273,"column":15},"end":{"line":280,"column":15}},"type":"binary-expr","locations":[{"start":{"line":273,"column":15},"end":{"line":273,"column":33}},{"start":{"line":274,"column":16},"end":{"line":279,"column":23}}],"line":273},"10":{"loc":{"start":{"line":283,"column":13},"end":{"line":307,"column":13}},"type":"binary-expr","locations":[{"start":{"line":283,"column":13},"end":{"line":283,"column":31}},{"start":{"line":284,"column":14},"end":{"line":306,"column":33}}],"line":283},"11":{"loc":{"start":{"line":309,"column":13},"end":{"line":316,"column":13}},"type":"binary-expr","locations":[{"start":{"line":309,"column":13},"end":{"line":309,"column":40}},{"start":{"line":310,"column":14},"end":{"line":315,"column":21}}],"line":309}},"s":{"0":0,"1":0,"2":0,"3":0,"4":0,"5":0,"6":0,"7":0,"8":0,"9":0,"10":0,"11":0,"12":0,"13":0,"14":0,"15":0,"16":0,"17":0,"18":0,"19":0,"20":0,"21":0,"22":0,"23":0,"24":0,"25":0,"26":0,"27":0,"28":0,"29":0,"30":0,"31":0,"32":0,"33":0,"34":0,"35":0,"36":0,"37":0,"38":0,"39":0,"40":0,"41":0,"42":0,"43":0,"44":0,"45":0,"46":0,"47":0},"f":{"0":0,"1":0,"2":0,"3":0,"4":0,"5":0,"6":0,"7":0,"8":0,"9":0,"10":0,"11":0,"12":0,"13":0},"b":{"0":[0,0],"1":[0,0],"2":[0,0],"3":[0,0],"4":[0,0],"5":[0,0],"6":[0,0],"7":[0,0],"8":[0,0],"9":[0,0],"10":[0,0],"11":[0,0]}}
,"C:\\Users\\Youcode\\Desktop\\YouCode\\WarehouseOps\\WarehouseOps\\app\\(tabs)\\products\\_layout.tsx": {"path":"C:\\Users\\Youcode\\Desktop\\YouCode\\WarehouseOps\\WarehouseOps\\app\\(tabs)\\products\\_layout.tsx","statementMap":{"0":{"start":{"line":3,"column":2},"end":{"line":9,"column":4}}},"fnMap":{"0":{"name":"ProductsLayout","decl":{"start":{"line":2,"column":24},"end":{"line":2,"column":38}},"loc":{"start":{"line":2,"column":41},"end":{"line":10,"column":1}},"line":2}},"branchMap":{},"s":{"0":0},"f":{"0":0},"b":{}}
,"C:\\Users\\Youcode\\Desktop\\YouCode\\WarehouseOps\\WarehouseOps\\app\\(tabs)\\products\\add.tsx": {"path":"C:\\Users\\Youcode\\Desktop\\YouCode\\WarehouseOps\\WarehouseOps\\app\\(tabs)\\products\\add.tsx","statementMap":{"0":{"start":{"line":49,"column":37},"end":{"line":58,"column":1}},"1":{"start":{"line":60,"column":22},"end":{"line":60,"column":77}},"2":{"start":{"line":62,"column":19},"end":{"line":65,"column":1}},"3":{"start":{"line":67,"column":23},"end":{"line":444,"column":1}},"4":{"start":{"line":68,"column":17},"end":{"line":68,"column":28}},"5":{"start":{"line":69,"column":25},"end":{"line":69,"column":38}},"6":{"start":{"line":70,"column":19},"end":{"line":70,"column":28}},"7":{"start":{"line":71,"column":32},"end":{"line":71,"column":47}},"8":{"start":{"line":72,"column":30},"end":{"line":72,"column":66}},"9":{"start":{"line":73,"column":34},"end":{"line":73,"column":72}},"10":{"start":{"line":74,"column":42},"end":{"line":74,"column":57}},"11":{"start":{"line":76,"column":26},"end":{"line":82,"column":3}},"12":{"start":{"line":78,"column":6},"end":{"line":78,"column":59}},"13":{"start":{"line":78,"column":29},"end":{"line":78,"column":56}},"14":{"start":{"line":79,"column":6},"end":{"line":79,"column":54}},"15":{"start":{"line":79,"column":27},"end":{"line":79,"column":51}},"16":{"start":{"line":84,"column":2},"end":{"line":93,"column":30}},"17":{"start":{"line":85,"column":4},"end":{"line":92,"column":5}},"18":{"start":{"line":86,"column":28},"end":{"line":88,"column":7}},"19":{"start":{"line":87,"column":14},"end":{"line":87,"column":50}},"20":{"start":{"line":89,"column":6},"end":{"line":91,"column":7}},"21":{"start":{"line":90,"column":8},"end":{"line":90,"column":55}},"22":{"start":{"line":95,"column":20},"end":{"line":124,"column":3}},"23":{"start":{"line":96,"column":4},"end":{"line":123,"column":5}},"24":{"start":{"line":98,"column":8},"end":{"line":98,"column":63}},"25":{"start":{"line":100,"column":6},"end":{"line":106,"column":7}},"26":{"start":{"line":101,"column":8},"end":{"line":104,"column":10}},"27":{"start":{"line":105,"column":8},"end":{"line":105,"column":15}},"28":{"start":{"line":108,"column":6},"end":{"line":108,"column":28}},"29":{"start":{"line":109,"column":21},"end":{"line":114,"column":8}},"30":{"start":{"line":116,"column":6},"end":{"line":118,"column":7}},"31":{"start":{"line":117,"column":8},"end":{"line":117,"column":55}},"32":{"start":{"line":120,"column":6},"end":{"line":120,"column":51}},"33":{"start":{"line":122,"column":6},"end":{"line":122,"column":29}},"34":{"start":{"line":126,"column":23},"end":{"line":148,"column":3}},"35":{"start":{"line":127,"column":46},"end":{"line":127,"column":48}},"36":{"start":{"line":129,"column":4},"end":{"line":129,"column":75}},"37":{"start":{"line":129,"column":31},"end":{"line":129,"column":75}},"38":{"start":{"line":130,"column":4},"end":{"line":130,"column":68}},"39":{"start":{"line":130,"column":24},"end":{"line":130,"column":68}},"40":{"start":{"line":131,"column":4},"end":{"line":131,"column":76}},"41":{"start":{"line":131,"column":34},"end":{"line":131,"column":76}},"42":{"start":{"line":132,"column":4},"end":{"line":135,"column":5}},"43":{"start":{"line":132,"column":32},"end":{"line":132,"column":70}},"44":{"start":{"line":133,"column":9},"end":{"line":135,"column":5}},"45":{"start":{"line":134,"column":6},"end":{"line":134,"column":53}},"46":{"start":{"line":136,"column":4},"end":{"line":136,"column":79}},"47":{"start":{"line":136,"column":35},"end":{"line":136,"column":79}},"48":{"start":{"line":137,"column":4},"end":{"line":143,"column":5}},"49":{"start":{"line":137,"column":35},"end":{"line":137,"column":79}},"50":{"start":{"line":138,"column":9},"end":{"line":143,"column":5}},"51":{"start":{"line":142,"column":6},"end":{"line":142,"column":59}},"52":{"start":{"line":144,"column":4},"end":{"line":144,"column":79}},"53":{"start":{"line":144,"column":29},"end":{"line":144,"column":79}},"54":{"start":{"line":146,"column":4},"end":{"line":146,"column":25}},"55":{"start":{"line":147,"column":4},"end":{"line":147,"column":47}},"56":{"start":{"line":150,"column":23},"end":{"line":200,"column":3}},"57":{"start":{"line":151,"column":4},"end":{"line":154,"column":5}},"58":{"start":{"line":152,"column":6},"end":{"line":152,"column":63}},"59":{"start":{"line":153,"column":6},"end":{"line":153,"column":13}},"60":{"start":{"line":156,"column":4},"end":{"line":156,"column":21}},"61":{"start":{"line":157,"column":4},"end":{"line":199,"column":5}},"62":{"start":{"line":158,"column":32},"end":{"line":160,"column":7}},"63":{"start":{"line":159,"column":15},"end":{"line":159,"column":42}},"64":{"start":{"line":162,"column":43},"end":{"line":188,"column":7}},"65":{"start":{"line":190,"column":6},"end":{"line":190,"column":35}},"66":{"start":{"line":191,"column":6},"end":{"line":193,"column":9}},"67":{"start":{"line":192,"column":37},"end":{"line":192,"column":50}},"68":{"start":{"line":195,"column":6},"end":{"line":195,"column":71}},"69":{"start":{"line":196,"column":6},"end":{"line":196,"column":52}},"70":{"start":{"line":198,"column":6},"end":{"line":198,"column":24}},"71":{"start":{"line":202,"column":28},"end":{"line":235,"column":64}},"72":{"start":{"line":203,"column":4},"end":{"line":234,"column":11}},"73":{"start":{"line":219,"column":29},"end":{"line":219,"column":57}},"74":{"start":{"line":237,"column":37},"end":{"line":267,"column":51}},"75":{"start":{"line":238,"column":4},"end":{"line":266,"column":11}},"76":{"start":{"line":246,"column":10},"end":{"line":262,"column":29}},"77":{"start":{"line":248,"column":27},"end":{"line":248,"column":56}},"78":{"start":{"line":269,"column":27},"end":{"line":345,"column":41}},"79":{"start":{"line":270,"column":4},"end":{"line":344,"column":11}},"80":{"start":{"line":279,"column":34},"end":{"line":279,"column":63}},"81":{"start":{"line":293,"column":34},"end":{"line":293,"column":66}},"82":{"start":{"line":307,"column":34},"end":{"line":307,"column":64}},"83":{"start":{"line":322,"column":34},"end":{"line":322,"column":67}},"84":{"start":{"line":336,"column":34},"end":{"line":336,"column":67}},"85":{"start":{"line":347,"column":35},"end":{"line":377,"column":25}},"86":{"start":{"line":348,"column":4},"end":{"line":376,"column":11}},"87":{"start":{"line":353,"column":23},"end":{"line":353,"column":67}},"88":{"start":{"line":355,"column":8},"end":{"line":374,"column":15}},"89":{"start":{"line":379,"column":2},"end":{"line":443,"column":4}},"90":{"start":{"line":387,"column":27},"end":{"line":387,"column":40}}},"fnMap":{"0":{"name":"(anonymous_0)","decl":{"start":{"line":67,"column":23},"end":{"line":67,"column":24}},"loc":{"start":{"line":67,"column":29},"end":{"line":444,"column":1}},"line":67},"1":{"name":"(anonymous_1)","decl":{"start":{"line":77,"column":4},"end":{"line":77,"column":5}},"loc":{"start":{"line":77,"column":46},"end":{"line":80,"column":5}},"line":77},"2":{"name":"(anonymous_2)","decl":{"start":{"line":78,"column":18},"end":{"line":78,"column":19}},"loc":{"start":{"line":78,"column":29},"end":{"line":78,"column":56}},"line":78},"3":{"name":"(anonymous_3)","decl":{"start":{"line":79,"column":16},"end":{"line":79,"column":17}},"loc":{"start":{"line":79,"column":27},"end":{"line":79,"column":51}},"line":79},"4":{"name":"(anonymous_4)","decl":{"start":{"line":84,"column":12},"end":{"line":84,"column":13}},"loc":{"start":{"line":84,"column":18},"end":{"line":93,"column":3}},"line":84},"5":{"name":"(anonymous_5)","decl":{"start":{"line":87,"column":8},"end":{"line":87,"column":9}},"loc":{"start":{"line":87,"column":14},"end":{"line":87,"column":50}},"line":87},"6":{"name":"(anonymous_6)","decl":{"start":{"line":95,"column":20},"end":{"line":95,"column":21}},"loc":{"start":{"line":95,"column":32},"end":{"line":124,"column":3}},"line":95},"7":{"name":"(anonymous_7)","decl":{"start":{"line":126,"column":23},"end":{"line":126,"column":24}},"loc":{"start":{"line":126,"column":38},"end":{"line":148,"column":3}},"line":126},"8":{"name":"(anonymous_8)","decl":{"start":{"line":150,"column":23},"end":{"line":150,"column":24}},"loc":{"start":{"line":150,"column":35},"end":{"line":200,"column":3}},"line":150},"9":{"name":"(anonymous_9)","decl":{"start":{"line":159,"column":8},"end":{"line":159,"column":9}},"loc":{"start":{"line":159,"column":15},"end":{"line":159,"column":42}},"line":159},"10":{"name":"(anonymous_10)","decl":{"start":{"line":192,"column":31},"end":{"line":192,"column":32}},"loc":{"start":{"line":192,"column":37},"end":{"line":192,"column":50}},"line":192},"11":{"name":"(anonymous_11)","decl":{"start":{"line":202,"column":36},"end":{"line":202,"column":37}},"loc":{"start":{"line":203,"column":4},"end":{"line":234,"column":11}},"line":203},"12":{"name":"(anonymous_12)","decl":{"start":{"line":219,"column":23},"end":{"line":219,"column":24}},"loc":{"start":{"line":219,"column":29},"end":{"line":219,"column":57}},"line":219},"13":{"name":"(anonymous_13)","decl":{"start":{"line":237,"column":45},"end":{"line":237,"column":46}},"loc":{"start":{"line":238,"column":4},"end":{"line":266,"column":11}},"line":238},"14":{"name":"(anonymous_14)","decl":{"start":{"line":245,"column":27},"end":{"line":245,"column":28}},"loc":{"start":{"line":246,"column":10},"end":{"line":262,"column":29}},"line":246},"15":{"name":"(anonymous_15)","decl":{"start":{"line":248,"column":21},"end":{"line":248,"column":22}},"loc":{"start":{"line":248,"column":27},"end":{"line":248,"column":56}},"line":248},"16":{"name":"(anonymous_16)","decl":{"start":{"line":269,"column":35},"end":{"line":269,"column":36}},"loc":{"start":{"line":270,"column":4},"end":{"line":344,"column":11}},"line":270},"17":{"name":"(anonymous_17)","decl":{"start":{"line":279,"column":24},"end":{"line":279,"column":25}},"loc":{"start":{"line":279,"column":34},"end":{"line":279,"column":63}},"line":279},"18":{"name":"(anonymous_18)","decl":{"start":{"line":293,"column":24},"end":{"line":293,"column":25}},"loc":{"start":{"line":293,"column":34},"end":{"line":293,"column":66}},"line":293},"19":{"name":"(anonymous_19)","decl":{"start":{"line":307,"column":24},"end":{"line":307,"column":25}},"loc":{"start":{"line":307,"column":34},"end":{"line":307,"column":64}},"line":307},"20":{"name":"(anonymous_20)","decl":{"start":{"line":322,"column":24},"end":{"line":322,"column":25}},"loc":{"start":{"line":322,"column":34},"end":{"line":322,"column":67}},"line":322},"21":{"name":"(anonymous_21)","decl":{"start":{"line":336,"column":24},"end":{"line":336,"column":25}},"loc":{"start":{"line":336,"column":34},"end":{"line":336,"column":67}},"line":336},"22":{"name":"(anonymous_22)","decl":{"start":{"line":347,"column":43},"end":{"line":347,"column":44}},"loc":{"start":{"line":348,"column":4},"end":{"line":376,"column":11}},"line":348},"23":{"name":"(anonymous_23)","decl":{"start":{"line":353,"column":8},"end":{"line":353,"column":9}},"loc":{"start":{"line":353,"column":23},"end":{"line":353,"column":67}},"line":353},"24":{"name":"(anonymous_24)","decl":{"start":{"line":354,"column":12},"end":{"line":354,"column":13}},"loc":{"start":{"line":355,"column":8},"end":{"line":374,"column":15}},"line":355},"25":{"name":"(anonymous_25)","decl":{"start":{"line":387,"column":21},"end":{"line":387,"column":22}},"loc":{"start":{"line":387,"column":27},"end":{"line":387,"column":40}},"line":387}},"branchMap":{"0":{"loc":{"start":{"line":85,"column":4},"end":{"line":92,"column":5}},"type":"if","locations":[{"start":{"line":85,"column":4},"end":{"line":92,"column":5}},{"start":{},"end":{}}],"line":85},"1":{"loc":{"start":{"line":89,"column":6},"end":{"line":91,"column":7}},"type":"if","locations":[{"start":{"line":89,"column":6},"end":{"line":91,"column":7}},{"start":{},"end":{}}],"line":89},"2":{"loc":{"start":{"line":100,"column":6},"end":{"line":106,"column":7}},"type":"if","locations":[{"start":{"line":100,"column":6},"end":{"line":106,"column":7}},{"start":{},"end":{}}],"line":100},"3":{"loc":{"start":{"line":116,"column":6},"end":{"line":118,"column":7}},"type":"if","locations":[{"start":{"line":116,"column":6},"end":{"line":118,"column":7}},{"start":{},"end":{}}],"line":116},"4":{"loc":{"start":{"line":129,"column":4},"end":{"line":129,"column":75}},"type":"if","locations":[{"start":{"line":129,"column":4},"end":{"line":129,"column":75}},{"start":{},"end":{}}],"line":129},"5":{"loc":{"start":{"line":130,"column":4},"end":{"line":130,"column":68}},"type":"if","locations":[{"start":{"line":130,"column":4},"end":{"line":130,"column":68}},{"start":{},"end":{}}],"line":130},"6":{"loc":{"start":{"line":131,"column":4},"end":{"line":131,"column":76}},"type":"if","locations":[{"start":{"line":131,"column":4},"end":{"line":131,"column":76}},{"start":{},"end":{}}],"line":131},"7":{"loc":{"start":{"line":132,"column":4},"end":{"line":135,"column":5}},"type":"if","locations":[{"start":{"line":132,"column":4},"end":{"line":135,"column":5}},{"start":{"line":133,"column":9},"end":{"line":135,"column":5}}],"line":132},"8":{"loc":{"start":{"line":133,"column":9},"end":{"line":135,"column":5}},"type":"if","locations":[{"start":{"line":133,"column":9},"end":{"line":135,"column":5}},{"start":{},"end":{}}],"line":133},"9":{"loc":{"start":{"line":133,"column":13},"end":{"line":133,"column":73}},"type":"binary-expr","locations":[{"start":{"line":133,"column":13},"end":{"line":133,"column":42}},{"start":{"line":133,"column":46},"end":{"line":133,"column":73}}],"line":133},"10":{"loc":{"start":{"line":136,"column":4},"end":{"line":136,"column":79}},"type":"if","locations":[{"start":{"line":136,"column":4},"end":{"line":136,"column":79}},{"start":{},"end":{}}],"line":136},"11":{"loc":{"start":{"line":137,"column":4},"end":{"line":143,"column":5}},"type":"if","locations":[{"start":{"line":137,"column":4},"end":{"line":143,"column":5}},{"start":{"line":138,"column":9},"end":{"line":143,"column":5}}],"line":137},"12":{"loc":{"start":{"line":138,"column":9},"end":{"line":143,"column":5}},"type":"if","locations":[{"start":{"line":138,"column":9},"end":{"line":143,"column":5}},{"start":{},"end":{}}],"line":138},"13":{"loc":{"start":{"line":139,"column":6},"end":{"line":140,"column":35}},"type":"binary-expr","locations":[{"start":{"line":139,"column":6},"end":{"line":139,"column":38}},{"start":{"line":140,"column":6},"end":{"line":140,"column":35}}],"line":139},"14":{"loc":{"start":{"line":144,"column":4},"end":{"line":144,"column":79}},"type":"if","locations":[{"start":{"line":144,"column":4},"end":{"line":144,"column":79}},{"start":{},"end":{}}],"line":144},"15":{"loc":{"start":{"line":151,"column":4},"end":{"line":154,"column":5}},"type":"if","locations":[{"start":{"line":151,"column":4},"end":{"line":154,"column":5}},{"start":{},"end":{}}],"line":151},"16":{"loc":{"start":{"line":169,"column":15},"end":{"line":169,"column":77}},"type":"binary-expr","locations":[{"start":{"line":169,"column":15},"end":{"line":169,"column":29}},{"start":{"line":169,"column":33},"end":{"line":169,"column":77}}],"line":169},"17":{"loc":{"start":{"line":173,"column":18},"end":{"line":173,"column":47}},"type":"binary-expr","locations":[{"start":{"line":173,"column":18},"end":{"line":173,"column":41}},{"start":{"line":173,"column":45},"end":{"line":173,"column":47}}],"line":173},"18":{"loc":{"start":{"line":176,"column":20},"end":{"line":176,"column":49}},"type":"binary-expr","locations":[{"start":{"line":176,"column":20},"end":{"line":176,"column":43}},{"start":{"line":176,"column":47},"end":{"line":176,"column":49}}],"line":176},"19":{"loc":{"start":{"line":209,"column":9},"end":{"line":232,"column":9}},"type":"cond-expr","locations":[{"start":{"line":210,"column":10},"end":{"line":210,"column":28}},{"start":{"line":211,"column":12},"end":{"line":232,"column":9}}],"line":209},"20":{"loc":{"start":{"line":211,"column":12},"end":{"line":232,"column":9}},"type":"cond-expr","locations":[{"start":{"line":212,"column":10},"end":{"line":224,"column":17}},{"start":{"line":226,"column":10},"end":{"line":231,"column":17}}],"line":211},"21":{"loc":{"start":{"line":250,"column":14},"end":{"line":252,"column":44}},"type":"cond-expr","locations":[{"start":{"line":251,"column":18},"end":{"line":251,"column":51}},{"start":{"line":252,"column":18},"end":{"line":252,"column":44}}],"line":250},"22":{"loc":{"start":{"line":257,"column":16},"end":{"line":257,"column":71}},"type":"cond-expr","locations":[{"start":{"line":257,"column":41},"end":{"line":257,"column":53}},{"start":{"line":257,"column":56},"end":{"line":257,"column":71}}],"line":257},"23":{"loc":{"start":{"line":265,"column":7},"end":{"line":265,"column":60}},"type":"binary-expr","locations":[{"start":{"line":265,"column":7},"end":{"line":265,"column":18}},{"start":{"line":265,"column":22},"end":{"line":265,"column":60}}],"line":265},"24":{"loc":{"start":{"line":281,"column":12},"end":{"line":281,"column":62}},"type":"cond-expr","locations":[{"start":{"line":281,"column":26},"end":{"line":281,"column":42}},{"start":{"line":281,"column":45},"end":{"line":281,"column":62}}],"line":281},"25":{"loc":{"start":{"line":284,"column":9},"end":{"line":284,"column":62}},"type":"binary-expr","locations":[{"start":{"line":284,"column":9},"end":{"line":284,"column":20}},{"start":{"line":284,"column":24},"end":{"line":284,"column":62}}],"line":284},"26":{"loc":{"start":{"line":295,"column":12},"end":{"line":295,"column":65}},"type":"cond-expr","locations":[{"start":{"line":295,"column":29},"end":{"line":295,"column":45}},{"start":{"line":295,"column":48},"end":{"line":295,"column":65}}],"line":295},"27":{"loc":{"start":{"line":298,"column":9},"end":{"line":298,"column":68}},"type":"binary-expr","locations":[{"start":{"line":298,"column":9},"end":{"line":298,"column":23}},{"start":{"line":298,"column":27},"end":{"line":298,"column":68}}],"line":298},"28":{"loc":{"start":{"line":310,"column":12},"end":{"line":310,"column":63}},"type":"cond-expr","locations":[{"start":{"line":310,"column":27},"end":{"line":310,"column":43}},{"start":{"line":310,"column":46},"end":{"line":310,"column":63}}],"line":310},"29":{"loc":{"start":{"line":313,"column":9},"end":{"line":313,"column":64}},"type":"binary-expr","locations":[{"start":{"line":313,"column":9},"end":{"line":313,"column":21}},{"start":{"line":313,"column":25},"end":{"line":313,"column":64}}],"line":313},"30":{"loc":{"start":{"line":324,"column":12},"end":{"line":324,"column":66}},"type":"cond-expr","locations":[{"start":{"line":324,"column":30},"end":{"line":324,"column":46}},{"start":{"line":324,"column":49},"end":{"line":324,"column":66}}],"line":324},"31":{"loc":{"start":{"line":327,"column":9},"end":{"line":327,"column":70}},"type":"binary-expr","locations":[{"start":{"line":327,"column":9},"end":{"line":327,"column":24}},{"start":{"line":327,"column":28},"end":{"line":327,"column":70}}],"line":327},"32":{"loc":{"start":{"line":339,"column":12},"end":{"line":339,"column":66}},"type":"cond-expr","locations":[{"start":{"line":339,"column":30},"end":{"line":339,"column":46}},{"start":{"line":339,"column":49},"end":{"line":339,"column":66}}],"line":339},"33":{"loc":{"start":{"line":342,"column":9},"end":{"line":342,"column":70}},"type":"binary-expr","locations":[{"start":{"line":342,"column":9},"end":{"line":342,"column":24}},{"start":{"line":342,"column":28},"end":{"line":342,"column":70}}],"line":342},"34":{"loc":{"start":{"line":398,"column":18},"end":{"line":398,"column":62}},"type":"cond-expr","locations":[{"start":{"line":398,"column":42},"end":{"line":398,"column":51}},{"start":{"line":398,"column":54},"end":{"line":398,"column":62}}],"line":398},"35":{"loc":{"start":{"line":400,"column":32},"end":{"line":400,"column":62}},"type":"cond-expr","locations":[{"start":{"line":400,"column":56},"end":{"line":400,"column":57}},{"start":{"line":400,"column":60},"end":{"line":400,"column":62}}],"line":400},"36":{"loc":{"start":{"line":422,"column":27},"end":{"line":422,"column":58}},"type":"cond-expr","locations":[{"start":{"line":422,"column":51},"end":{"line":422,"column":53}},{"start":{"line":422,"column":56},"end":{"line":422,"column":58}}],"line":422},"37":{"loc":{"start":{"line":429,"column":14},"end":{"line":429,"column":57}},"type":"cond-expr","locations":[{"start":{"line":429,"column":24},"end":{"line":429,"column":39}},{"start":{"line":429,"column":42},"end":{"line":429,"column":57}}],"line":429},"38":{"loc":{"start":{"line":432,"column":13},"end":{"line":438,"column":13}},"type":"cond-expr","locations":[{"start":{"line":433,"column":14},"end":{"line":433,"column":49}},{"start":{"line":435,"column":14},"end":{"line":437,"column":21}}],"line":432}},"s":{"0":0,"1":0,"2":0,"3":0,"4":0,"5":0,"6":0,"7":0,"8":0,"9":0,"10":0,"11":0,"12":0,"13":0,"14":0,"15":0,"16":0,"17":0,"18":0,"19":0,"20":0,"21":0,"22":0,"23":0,"24":0,"25":0,"26":0,"27":0,"28":0,"29":0,"30":0,"31":0,"32":0,"33":0,"34":0,"35":0,"36":0,"37":0,"38":0,"39":0,"40":0,"41":0,"42":0,"43":0,"44":0,"45":0,"46":0,"47":0,"48":0,"49":0,"50":0,"51":0,"52":0,"53":0,"54":0,"55":0,"56":0,"57":0,"58":0,"59":0,"60":0,"61":0,"62":0,"63":0,"64":0,"65":0,"66":0,"67":0,"68":0,"69":0,"70":0,"71":0,"72":0,"73":0,"74":0,"75":0,"76":0,"77":0,"78":0,"79":0,"80":0,"81":0,"82":0,"83":0,"84":0,"85":0,"86":0,"87":0,"88":0,"89":0,"90":0},"f":{"0":0,"1":0,"2":0,"3":0,"4":0,"5":0,"6":0,"7":0,"8":0,"9":0,"10":0,"11":0,"12":0,"13":0,"14":0,"15":0,"16":0,"17":0,"18":0,"19":0,"20":0,"21":0,"22":0,"23":0,"24":0,"25":0},"b":{"0":[0,0],"1":[0,0],"2":[0,0],"3":[0,0],"4":[0,0],"5":[0,0],"6":[0,0],"7":[0,0],"8":[0,0],"9":[0,0],"10":[0,0],"11":[0,0],"12":[0,0],"13":[0,0],"14":[0,0],"15":[0,0],"16":[0,0],"17":[0,0],"18":[0,0],"19":[0,0],"20":[0,0],"21":[0,0],"22":[0,0],"23":[0,0],"24":[0,0],"25":[0,0],"26":[0,0],"27":[0,0],"28":[0,0],"29":[0,0],"30":[0,0],"31":[0,0],"32":[0,0],"33":[0,0],"34":[0,0],"35":[0,0],"36":[0,0],"37":[0,0],"38":[0,0]}}
,"C:\\Users\\Youcode\\Desktop\\YouCode\\WarehouseOps\\WarehouseOps\\app\\(tabs)\\products\\index.tsx": {"path":"C:\\Users\\Youcode\\Desktop\\YouCode\\WarehouseOps\\WarehouseOps\\app\\(tabs)\\products\\index.tsx","statementMap":{"0":{"start":{"line":14,"column":34},"end":{"line":19,"column":1}},"1":{"start":{"line":21,"column":22},"end":{"line":162,"column":1}},"2":{"start":{"line":22,"column":56},"end":{"line":22,"column":69}},"3":{"start":{"line":23,"column":40},"end":{"line":23,"column":52}},"4":{"start":{"line":24,"column":30},"end":{"line":24,"column":46}},"5":{"start":{"line":25,"column":36},"end":{"line":25,"column":67}},"6":{"start":{"line":26,"column":38},"end":{"line":26,"column":53}},"7":{"start":{"line":27,"column":40},"end":{"line":27,"column":55}},"8":{"start":{"line":28,"column":42},"end":{"line":28,"column":57}},"9":{"start":{"line":30,"column":20},"end":{"line":34,"column":3}},"10":{"start":{"line":31,"column":4},"end":{"line":31,"column":26}},"11":{"start":{"line":32,"column":4},"end":{"line":32,"column":28}},"12":{"start":{"line":33,"column":4},"end":{"line":33,"column":27}},"13":{"start":{"line":36,"column":2},"end":{"line":38,"column":3}},"14":{"start":{"line":37,"column":4},"end":{"line":37,"column":29}},"15":{"start":{"line":40,"column":2},"end":{"line":53,"column":3}},"16":{"start":{"line":41,"column":4},"end":{"line":52,"column":6}},"17":{"start":{"line":55,"column":23},"end":{"line":55,"column":81}},"18":{"start":{"line":55,"column":66},"end":{"line":55,"column":78}},"19":{"start":{"line":57,"column":27},"end":{"line":84,"column":6}},"20":{"start":{"line":59,"column":28},"end":{"line":61,"column":74}},"21":{"start":{"line":62,"column":26},"end":{"line":62,"column":77}},"22":{"start":{"line":63,"column":6},"end":{"line":63,"column":42}},"23":{"start":{"line":66,"column":23},"end":{"line":66,"column":24}},"24":{"start":{"line":67,"column":6},"end":{"line":82,"column":7}},"25":{"start":{"line":69,"column":10},"end":{"line":69,"column":41}},"26":{"start":{"line":70,"column":10},"end":{"line":70,"column":16}},"27":{"start":{"line":72,"column":10},"end":{"line":75,"column":12}},"28":{"start":{"line":73,"column":44},"end":{"line":73,"column":64}},"29":{"start":{"line":74,"column":44},"end":{"line":74,"column":64}},"30":{"start":{"line":76,"column":10},"end":{"line":76,"column":16}},"31":{"start":{"line":78,"column":10},"end":{"line":78,"column":60}},"32":{"start":{"line":79,"column":10},"end":{"line":79,"column":16}},"33":{"start":{"line":81,"column":10},"end":{"line":81,"column":52}},"34":{"start":{"line":83,"column":6},"end":{"line":83,"column":60}},"35":{"start":{"line":86,"column":29},"end":{"line":88,"column":3}},"36":{"start":{"line":87,"column":4},"end":{"line":87,"column":49}},"37":{"start":{"line":90,"column":29},"end":{"line":92,"column":3}},"38":{"start":{"line":91,"column":4},"end":{"line":91,"column":24}},"39":{"start":{"line":94,"column":27},"end":{"line":101,"column":3}},"40":{"start":{"line":95,"column":4},"end":{"line":100,"column":5}},"41":{"start":{"line":96,"column":6},"end":{"line":96,"column":66}},"42":{"start":{"line":96,"column":30},"end":{"line":96,"column":64}},"43":{"start":{"line":98,"column":6},"end":{"line":98,"column":22}},"44":{"start":{"line":99,"column":6},"end":{"line":99,"column":26}},"45":{"start":{"line":103,"column":2},"end":{"line":161,"column":4}},"46":{"start":{"line":128,"column":31},"end":{"line":128,"column":59}},"47":{"start":{"line":136,"column":35},"end":{"line":136,"column":55}},"48":{"start":{"line":137,"column":33},"end":{"line":137,"column":50}}},"fnMap":{"0":{"name":"(anonymous_0)","decl":{"start":{"line":21,"column":22},"end":{"line":21,"column":23}},"loc":{"start":{"line":21,"column":28},"end":{"line":162,"column":1}},"line":21},"1":{"name":"(anonymous_1)","decl":{"start":{"line":30,"column":20},"end":{"line":30,"column":21}},"loc":{"start":{"line":30,"column":32},"end":{"line":34,"column":3}},"line":30},"2":{"name":"(anonymous_2)","decl":{"start":{"line":55,"column":55},"end":{"line":55,"column":56}},"loc":{"start":{"line":55,"column":66},"end":{"line":55,"column":78}},"line":55},"3":{"name":"(anonymous_3)","decl":{"start":{"line":58,"column":12},"end":{"line":58,"column":13}},"loc":{"start":{"line":58,"column":23},"end":{"line":64,"column":5}},"line":58},"4":{"name":"(anonymous_4)","decl":{"start":{"line":65,"column":10},"end":{"line":65,"column":11}},"loc":{"start":{"line":65,"column":20},"end":{"line":84,"column":5}},"line":65},"5":{"name":"(anonymous_5)","decl":{"start":{"line":73,"column":28},"end":{"line":73,"column":29}},"loc":{"start":{"line":73,"column":44},"end":{"line":73,"column":64}},"line":73},"6":{"name":"(anonymous_6)","decl":{"start":{"line":74,"column":28},"end":{"line":74,"column":29}},"loc":{"start":{"line":74,"column":44},"end":{"line":74,"column":64}},"line":74},"7":{"name":"(anonymous_7)","decl":{"start":{"line":86,"column":29},"end":{"line":86,"column":30}},"loc":{"start":{"line":86,"column":51},"end":{"line":88,"column":3}},"line":86},"8":{"name":"(anonymous_8)","decl":{"start":{"line":90,"column":29},"end":{"line":90,"column":30}},"loc":{"start":{"line":90,"column":47},"end":{"line":92,"column":3}},"line":90},"9":{"name":"(anonymous_9)","decl":{"start":{"line":94,"column":27},"end":{"line":94,"column":28}},"loc":{"start":{"line":94,"column":45},"end":{"line":101,"column":3}},"line":94},"10":{"name":"(anonymous_10)","decl":{"start":{"line":96,"column":19},"end":{"line":96,"column":20}},"loc":{"start":{"line":96,"column":30},"end":{"line":96,"column":64}},"line":96},"11":{"name":"(anonymous_11)","decl":{"start":{"line":128,"column":25},"end":{"line":128,"column":26}},"loc":{"start":{"line":128,"column":31},"end":{"line":128,"column":59}},"line":128},"12":{"name":"(anonymous_12)","decl":{"start":{"line":136,"column":29},"end":{"line":136,"column":30}},"loc":{"start":{"line":136,"column":35},"end":{"line":136,"column":55}},"line":136},"13":{"name":"(anonymous_13)","decl":{"start":{"line":137,"column":27},"end":{"line":137,"column":28}},"loc":{"start":{"line":137,"column":33},"end":{"line":137,"column":50}},"line":137}},"branchMap":{"0":{"loc":{"start":{"line":36,"column":2},"end":{"line":38,"column":3}},"type":"if","locations":[{"start":{"line":36,"column":2},"end":{"line":38,"column":3}},{"start":{},"end":{}}],"line":36},"1":{"loc":{"start":{"line":36,"column":6},"end":{"line":36,"column":30}},"type":"binary-expr","locations":[{"start":{"line":36,"column":6},"end":{"line":36,"column":13}},{"start":{"line":36,"column":17},"end":{"line":36,"column":30}}],"line":36},"2":{"loc":{"start":{"line":40,"column":2},"end":{"line":53,"column":3}},"type":"if","locations":[{"start":{"line":40,"column":2},"end":{"line":53,"column":3}},{"start":{},"end":{}}],"line":40},"3":{"loc":{"start":{"line":59,"column":28},"end":{"line":61,"column":74}},"type":"binary-expr","locations":[{"start":{"line":59,"column":28},"end":{"line":59,"column":90}},{"start":{"line":60,"column":8},"end":{"line":60,"column":70}},{"start":{"line":61,"column":8},"end":{"line":61,"column":74}}],"line":59},"4":{"loc":{"start":{"line":62,"column":26},"end":{"line":62,"column":77}},"type":"binary-expr","locations":[{"start":{"line":62,"column":26},"end":{"line":62,"column":46}},{"start":{"line":62,"column":50},"end":{"line":62,"column":77}}],"line":62},"5":{"loc":{"start":{"line":63,"column":13},"end":{"line":63,"column":41}},"type":"binary-expr","locations":[{"start":{"line":63,"column":13},"end":{"line":63,"column":26}},{"start":{"line":63,"column":30},"end":{"line":63,"column":41}}],"line":63},"6":{"loc":{"start":{"line":67,"column":6},"end":{"line":82,"column":7}},"type":"switch","locations":[{"start":{"line":68,"column":8},"end":{"line":70,"column":16}},{"start":{"line":71,"column":8},"end":{"line":76,"column":16}},{"start":{"line":77,"column":8},"end":{"line":79,"column":16}},{"start":{"line":80,"column":8},"end":{"line":81,"column":52}}],"line":67},"7":{"loc":{"start":{"line":83,"column":13},"end":{"line":83,"column":59}},"type":"cond-expr","locations":[{"start":{"line":83,"column":35},"end":{"line":83,"column":45}},{"start":{"line":83,"column":48},"end":{"line":83,"column":59}}],"line":83},"8":{"loc":{"start":{"line":95,"column":4},"end":{"line":100,"column":5}},"type":"if","locations":[{"start":{"line":95,"column":4},"end":{"line":100,"column":5}},{"start":{"line":97,"column":11},"end":{"line":100,"column":5}}],"line":95},"9":{"loc":{"start":{"line":96,"column":30},"end":{"line":96,"column":64}},"type":"cond-expr","locations":[{"start":{"line":96,"column":50},"end":{"line":96,"column":56}},{"start":{"line":96,"column":59},"end":{"line":96,"column":64}}],"line":96},"10":{"loc":{"start":{"line":141,"column":11},"end":{"line":152,"column":11}},"type":"binary-expr","locations":[{"start":{"line":141,"column":11},"end":{"line":141,"column":22}},{"start":{"line":142,"column":12},"end":{"line":151,"column":14}}],"line":141}},"s":{"0":0,"1":0,"2":0,"3":0,"4":0,"5":0,"6":0,"7":0,"8":0,"9":0,"10":0,"11":0,"12":0,"13":0,"14":0,"15":0,"16":0,"17":0,"18":0,"19":0,"20":0,"21":0,"22":0,"23":0,"24":0,"25":0,"26":0,"27":0,"28":0,"29":0,"30":0,"31":0,"32":0,"33":0,"34":0,"35":0,"36":0,"37":0,"38":0,"39":0,"40":0,"41":0,"42":0,"43":0,"44":0,"45":0,"46":0,"47":0,"48":0},"f":{"0":0,"1":0,"2":0,"3":0,"4":0,"5":0,"6":0,"7":0,"8":0,"9":0,"10":0,"11":0,"12":0,"13":0},"b":{"0":[0,0],"1":[0,0],"2":[0,0],"3":[0,0,0],"4":[0,0],"5":[0,0],"6":[0,0,0,0],"7":[0,0],"8":[0,0],"9":[0,0],"10":[0,0]}}
,"C:\\Users\\Youcode\\Desktop\\YouCode\\WarehouseOps\\WarehouseOps\\app\\(tabs)\\scan\\_layout.tsx": {"path":"C:\\Users\\Youcode\\Desktop\\YouCode\\WarehouseOps\\WarehouseOps\\app\\(tabs)\\scan\\_layout.tsx","statementMap":{"0":{"start":{"line":3,"column":2},"end":{"line":7,"column":4}}},"fnMap":{"0":{"name":"ProductsLayout","decl":{"start":{"line":2,"column":24},"end":{"line":2,"column":38}},"loc":{"start":{"line":2,"column":41},"end":{"line":8,"column":1}},"line":2}},"branchMap":{},"s":{"0":0},"f":{"0":0},"b":{}}
,"C:\\Users\\Youcode\\Desktop\\YouCode\\WarehouseOps\\WarehouseOps\\app\\(tabs)\\scan\\index.tsx": {"path":"C:\\Users\\Youcode\\Desktop\\YouCode\\WarehouseOps\\WarehouseOps\\app\\(tabs)\\scan\\index.tsx","statementMap":{"0":{"start":{"line":32,"column":16},"end":{"line":32,"column":47}},"1":{"start":{"line":49,"column":46},"end":{"line":63,"column":1}},"2":{"start":{"line":57,"column":2},"end":{"line":62,"column":21}},"3":{"start":{"line":71,"column":44},"end":{"line":88,"column":1}},"4":{"start":{"line":76,"column":2},"end":{"line":87,"column":10}},"5":{"start":{"line":99,"column":46},"end":{"line":144,"column":1}},"6":{"start":{"line":107,"column":2},"end":{"line":143,"column":14}},"7":{"start":{"line":153,"column":48},"end":{"line":197,"column":1}},"8":{"start":{"line":159,"column":2},"end":{"line":196,"column":14}},"9":{"start":{"line":185,"column":10},"end":{"line":185,"column":20}},"10":{"start":{"line":186,"column":10},"end":{"line":188,"column":78}},"11":{"start":{"line":205,"column":52},"end":{"line":238,"column":1}},"12":{"start":{"line":210,"column":23},"end":{"line":210,"column":45}},"13":{"start":{"line":212,"column":2},"end":{"line":212,"column":40}},"14":{"start":{"line":212,"column":28},"end":{"line":212,"column":40}},"15":{"start":{"line":214,"column":2},"end":{"line":237,"column":4}},"16":{"start":{"line":240,"column":29},"end":{"line":397,"column":1}},"17":{"start":{"line":241,"column":32},"end":{"line":241,"column":52}},"18":{"start":{"line":242,"column":32},"end":{"line":242,"column":56}},"19":{"start":{"line":243,"column":32},"end":{"line":243,"column":56}},"20":{"start":{"line":244,"column":48},"end":{"line":244,"column":72}},"21":{"start":{"line":245,"column":46},"end":{"line":245,"column":70}},"22":{"start":{"line":246,"column":32},"end":{"line":246,"column":62}},"23":{"start":{"line":247,"column":28},"end":{"line":247,"column":57}},"24":{"start":{"line":248,"column":46},"end":{"line":248,"column":69}},"25":{"start":{"line":250,"column":27},"end":{"line":251,"column":30}},"26":{"start":{"line":251,"column":4},"end":{"line":251,"column":30}},"27":{"start":{"line":253,"column":31},"end":{"line":259,"column":3}},"28":{"start":{"line":254,"column":4},"end":{"line":258,"column":5}},"29":{"start":{"line":255,"column":6},"end":{"line":255,"column":23}},"30":{"start":{"line":256,"column":6},"end":{"line":256,"column":23}},"31":{"start":{"line":257,"column":6},"end":{"line":257,"column":26}},"32":{"start":{"line":261,"column":24},"end":{"line":277,"column":3}},"33":{"start":{"line":262,"column":4},"end":{"line":276,"column":5}},"34":{"start":{"line":263,"column":6},"end":{"line":263,"column":23}},"35":{"start":{"line":264,"column":6},"end":{"line":264,"column":21}},"36":{"start":{"line":266,"column":23},"end":{"line":266,"column":72}},"37":{"start":{"line":267,"column":6},"end":{"line":267,"column":65}},"38":{"start":{"line":267,"column":24},"end":{"line":267,"column":65}},"39":{"start":{"line":269,"column":30},"end":{"line":269,"column":51}},"40":{"start":{"line":270,"column":6},"end":{"line":270,"column":45}},"41":{"start":{"line":272,"column":6},"end":{"line":272,"column":29}},"42":{"start":{"line":274,"column":6},"end":{"line":274,"column":24}},"43":{"start":{"line":275,"column":6},"end":{"line":275,"column":24}},"44":{"start":{"line":279,"column":29},"end":{"line":289,"column":3}},"45":{"start":{"line":280,"column":4},"end":{"line":288,"column":5}},"46":{"start":{"line":281,"column":6},"end":{"line":281,"column":28}},"47":{"start":{"line":282,"column":6},"end":{"line":282,"column":26}},"48":{"start":{"line":283,"column":6},"end":{"line":283,"column":31}},"49":{"start":{"line":285,"column":6},"end":{"line":285,"column":40}},"50":{"start":{"line":286,"column":6},"end":{"line":286,"column":31}},"51":{"start":{"line":287,"column":6},"end":{"line":287,"column":36}},"52":{"start":{"line":291,"column":28},"end":{"line":295,"column":3}},"53":{"start":{"line":292,"column":4},"end":{"line":292,"column":50}},"54":{"start":{"line":293,"column":4},"end":{"line":293,"column":38}},"55":{"start":{"line":294,"column":4},"end":{"line":294,"column":40}},"56":{"start":{"line":297,"column":29},"end":{"line":305,"column":3}},"57":{"start":{"line":298,"column":4},"end":{"line":302,"column":5}},"58":{"start":{"line":299,"column":6},"end":{"line":299,"column":57}},"59":{"start":{"line":300,"column":6},"end":{"line":300,"column":40}},"60":{"start":{"line":301,"column":6},"end":{"line":301,"column":13}},"61":{"start":{"line":303,"column":4},"end":{"line":303,"column":23}},"62":{"start":{"line":304,"column":4},"end":{"line":304,"column":27}},"63":{"start":{"line":307,"column":2},"end":{"line":396,"column":4}},"64":{"start":{"line":312,"column":54},"end":{"line":312,"column":67}},"65":{"start":{"line":316,"column":27},"end":{"line":316,"column":61}},"66":{"start":{"line":323,"column":12},"end":{"line":323,"column":36}},"67":{"start":{"line":324,"column":12},"end":{"line":324,"column":37}},"68":{"start":{"line":377,"column":23},"end":{"line":377,"column":47}},"69":{"start":{"line":387,"column":10},"end":{"line":387,"column":36}},"70":{"start":{"line":388,"column":10},"end":{"line":388,"column":25}},"71":{"start":{"line":389,"column":10},"end":{"line":389,"column":28}},"72":{"start":{"line":390,"column":10},"end":{"line":390,"column":25}}},"fnMap":{"0":{"name":"(anonymous_0)","decl":{"start":{"line":49,"column":46},"end":{"line":49,"column":47}},"loc":{"start":{"line":57,"column":2},"end":{"line":62,"column":21}},"line":57},"1":{"name":"(anonymous_1)","decl":{"start":{"line":71,"column":44},"end":{"line":71,"column":45}},"loc":{"start":{"line":76,"column":2},"end":{"line":87,"column":10}},"line":76},"2":{"name":"(anonymous_2)","decl":{"start":{"line":99,"column":46},"end":{"line":99,"column":47}},"loc":{"start":{"line":107,"column":2},"end":{"line":143,"column":14}},"line":107},"3":{"name":"(anonymous_3)","decl":{"start":{"line":153,"column":48},"end":{"line":153,"column":49}},"loc":{"start":{"line":159,"column":2},"end":{"line":196,"column":14}},"line":159},"4":{"name":"(anonymous_4)","decl":{"start":{"line":184,"column":17},"end":{"line":184,"column":18}},"loc":{"start":{"line":184,"column":23},"end":{"line":189,"column":9}},"line":184},"5":{"name":"(anonymous_5)","decl":{"start":{"line":205,"column":52},"end":{"line":205,"column":53}},"loc":{"start":{"line":209,"column":6},"end":{"line":238,"column":1}},"line":209},"6":{"name":"(anonymous_6)","decl":{"start":{"line":240,"column":29},"end":{"line":240,"column":30}},"loc":{"start":{"line":240,"column":35},"end":{"line":397,"column":1}},"line":240},"7":{"name":"(anonymous_7)","decl":{"start":{"line":250,"column":27},"end":{"line":250,"column":28}},"loc":{"start":{"line":251,"column":4},"end":{"line":251,"column":30}},"line":251},"8":{"name":"(anonymous_8)","decl":{"start":{"line":253,"column":31},"end":{"line":253,"column":32}},"loc":{"start":{"line":253,"col
[...]
,"C:\\Users\\Youcode\\Desktop\\YouCode\\WarehouseOps\\WarehouseOps\\store\\store.ts": {"path":"C:\\Users\\Youcode\\Desktop\\YouCode\\WarehouseOps\\WarehouseOps\\store\\store.ts","statementMap":{"0":{"start":{"line":6,"column":21},"end":{"line":12,"column":2}}},"fnMap":{},"branchMap":{},"s":{"0":0},"f":{},"b":{}}
,"C:\\Users\\Youcode\\Desktop\\YouCode\\WarehouseOps\\WarehouseOps\\store\\slices\\authSlice.ts": {"path":"C:\\Users\\Youcode\\Desktop\\YouCode\\WarehouseOps\\WarehouseOps\\store\\slices\\authSlice.ts","statementMap":{"0":{"start":{"line":17,"column":32},"end":{"line":22,"column":1}},"1":{"start":{"line":24,"column":18},"end":{"line":49,"column":2}},"2":{"start":{"line":29,"column":6},"end":{"line":29,"column":27}},"3":{"start":{"line":30,"column":6},"end":{"line":30,"column":25}},"4":{"start":{"line":33,"column":6},"end":{"line":33,"column":34}},"5":{"start":{"line":34,"column":6},"end":{"line":34,"column":35}},"6":{"start":{"line":35,"column":6},"end":{"line":35,"column":28}},"7":{"start":{"line":36,"column":6},"end":{"line":36,"column":25}},"8":{"start":{"line":39,"column":6},"end":{"line":39,"column":28}},"9":{"start":{"line":40,"column":6},"end":{"line":40,"column":35}},"10":{"start":{"line":43,"column":6},"end":{"line":43,"column":24}},"11":{"start":{"line":44,"column":6},"end":{"line":44,"column":36}},"12":{"start":{"line":45,"column":6},"end":{"line":45,"column":28}},"13":{"start":{"line":46,"column":6},"end":{"line":46,"column":25}},"14":{"start":{"line":51,"column":66},"end":{"line":51,"column":83}}},"fnMap":{"0":{"name":"(anonymous_0)","decl":{"start":{"line":28,"column":16},"end":{"line":28,"column":17}},"loc":{"start":{"line":28,"column":27},"end":{"line":31,"column":5}},"line":28},"1":{"name":"(anonymous_1)","decl":{"start":{"line":32,"column":18},"end":{"line":32,"column":19}},"loc":{"start":{"line":32,"column":66},"end":{"line":37,"column":5}},"line":32},"2":{"name":"(anonymous_2)","decl":{"start":{"line":38,"column":18},"end":{"line":38,"column":19}},"loc":{"start":{"line":38,"column":60},"end":{"line":41,"column":5}},"line":38},"3":{"name":"(anonymous_3)","decl":{"start":{"line":42,"column":12},"end":{"line":42,"column":13}},"loc":{"start":{"line":42,"column":23},"end":{"line":47,"column":5}},"line":42}},"branchMap":{},"s":{"0":0,"1":0,"2":0,"3":0,"4":0,"5":0,"6":0,"7":0,"8":0,"9":0,"10":0,"11":0,"12":0,"13":0,"14":0},"f":{"0":0,"1":0,"2":0,"3":0},"b":{}}
,"C:\\Users\\Youcode\\Desktop\\YouCode\\WarehouseOps\\WarehouseOps\\store\\slices\\productsSlice.ts": {"path":"C:\\Users\\Youcode\\Desktop\\YouCode\\WarehouseOps\\WarehouseOps\\store\\slices\\productsSlice.ts","statementMap":{"0":{"start":{"line":12,"column":36},"end":{"line":17,"column":1}},"1":{"start":{"line":19,"column":29},"end":{"line":24,"column":1}},"2":{"start":{"line":22,"column":4},"end":{"line":22,"column":46}},"3":{"start":{"line":26,"column":32},"end":{"line":31,"column":1}},"4":{"start":{"line":29,"column":4},"end":{"line":29,"column":48}},"5":{"start":{"line":33,"column":29},"end":{"line":38,"column":1}},"6":{"start":{"line":36,"column":4},"end":{"line":36,"column":49}},"7":{"start":{"line":40,"column":37},"end":{"line":45,"column":1}},"8":{"start":{"line":43,"column":4},"end":{"line":43,"column":56}},"9":{"start":{"line":47,"column":22},"end":{"line":92,"column":2}},"10":{"start":{"line":52,"column":6},"end":{"line":52,"column":35}},"11":{"start":{"line":55,"column":6},"end":{"line":55,"column":25}},"12":{"start":{"line":59,"column":4},"end":{"line":90,"column":9}},"13":{"start":{"line":62,"column":8},"end":{"line":62,"column":29}},"14":{"start":{"line":63,"column":8},"end":{"line":63,"column":27}},"15":{"start":{"line":66,"column":8},"end":{"line":66,"column":37}},"16":{"start":{"line":67,"column":8},"end":{"line":67,"column":30}},"17":{"start":{"line":70,"column":8},"end":{"line":70,"column":30}},"18":{"start":{"line":71,"column":8},"end":{"line":71,"column":73}},"19":{"start":{"line":75,"column":8},"end":{"line":75,"column":47}},"20":{"start":{"line":79,"column":8},"end":{"line":79,"column":44}},"21":{"start":{"line":83,"column":8},"end":{"line":85,"column":10}},"22":{"start":{"line":84,"column":10},"end":{"line":84,"column":63}},"23":{"start":{"line":86,"column":8},"end":{"line":88,"column":9}},"24":{"start":{"line":87,"column":10},"end":{"line":87,"column":49}},"25":{"start":{"line":89,"column":8},"end":{"line":89,"column":30}},"26":{"start":{"line":94,"column":52},"end":{"line":94,"column":73}}},"fnMap":{"0":{"name":"(anonymous_0)","decl":{"start":{"line":21,"column":2},"end":{"line":21,"column":3}},"loc":{"start":{"line":21,"column":14},"end":{"line":23,"column":3}},"line":21},"1":{"name":"(anonymous_1)","decl":{"start":{"line":28,"column":2},"end":{"line":28,"column":3}},"loc":{"start":{"line":28,"column":24},"end":{"line":30,"column":3}},"line":28},"2":{"name":"(anonymous_2)","decl":{"start":{"line":35,"column":2},"end":{"line":35,"column":3}},"loc":{"start":{"line":35,"column":39},"end":{"line":37,"column":3}},"line":35},"3":{"name":"(anonymous_3)","decl":{"start":{"line":42,"column":2},"end":{"line":42,"column":3}},"loc":{"start":{"line":42,"column":72},"end":{"line":44,"column":3}},"line":42},"4":{"name":"(anonymous_4)","decl":{"start":{"line":51,"column":26},"end":{"line":51,"column":27}},"loc":{"start":{"line":51,"column":37},"end":{"line":53,"column":5}},"line":51},"5":{"name":"(anonymous_5)","decl":{"start":{"line":54,"column":16},"end":{"line":54,"column":17}},"loc":{"start":{"line":54,"column":27},"end":{"line":56,"column":5}},"line":54},"6":{"name":"(anonymous_6)","decl":{"start":{"line":58,"column":17},"end":{"line":58,"column":18}},"loc":{"start":{"line":58,"column":30},"end":{"line":91,"column":3}},"line":58},"7":{"name":"(anonymous_7)","decl":{"start":{"line":61,"column":38},"end":{"line":61,"column":39}},"loc":{"start":{"line":61,"column":49},"end":{"line":64,"column":7}},"line":61},"8":{"name":"(anonymous_8)","decl":{"start":{"line":65,"column":40},"end":{"line":65,"column":41}},"loc":{"start":{"line":65,"column":59},"end":{"line":68,"column":7}},"line":65},"9":{"name":"(anonymous_9)","decl":{"start":{"line":69,"column":39},"end":{"line":69,"column":40}},"loc":{"start":{"line":69,"column":58},"end":{"line":72,"column":7}},"line":69},"10":{"name":"(anonymous_10)","decl":{"start":{"line":74,"column":43},"end":{"line":74,"column":44}},"loc":{"start":{"line":74,"column":62},"end":{"line":76,"column":7}},"line":74},"11":{"name":"(anonymous_11)","decl":{"start":{"line":78,"column":40},"end":{"line":78,"column":41}},"loc":{"start":{"line":78,"column":59},"end":{"line":80,"column":7}},"line":78},"12":{"name":"(anonymous_12)","decl":{"start":{"line":82,"column":48},"end":{"line":82,"column":49}},"loc":{"start":{"line":82,"column":67},"end":{"line":90,"column":7}},"line":82},"13":{"name":"(anonymous_13)","decl":{"start":{"line":83,"column":38},"end":{"line":83,"column":39}},"loc":{"start":{"line":84,"column":10},"end":{"line":84,"column":63}},"line":84}},"branchMap":{"0":{"loc":{"start":{"line":71,"column":22},"end":{"line":71,"column":72}},"type":"binary-expr","locations":[{"start":{"line":71,"column":22},"end":{"line":71,"column":42}},{"start":{"line":71,"column":46},"end":{"line":71,"column":72}}],"line":71},"1":{"loc":{"start":{"line":84,"column":10},"end":{"line":84,"column":63}},"type":"cond-expr","locations":[{"start":{"line":84,"column":42},"end":{"line":84,"column":56}},{"start":{"line":84,"column":59},"end":{"line":84,"column":63}}],"line":84},"2":{"loc":{"start":{"line":86,"column":8},"end":{"line":88,"column":9}},"type":"if","locations":[{"start":{"line":86,"column":8},"end":{"line":88,"column":9}},{"start":{},"end":{}}],"line":86}},"s":{"0":0,"1":0,"2":0,"3":0,"4":0,"5":0,"6":0,"7":0,"8":0,"9":0,"10":0,"11":0,"12":0,"13":0,"14":0,"15":0,"16":0,"17":0,"18":0,"19":0,"20":0,"21":0,"22":0,"23":0,"24":0,"25":0,"26":0},"f":{"0":0,"1":0,"2":0,"3":0,"4":0,"5":0,"6":0,"7":0,"8":0,"9":0,"10":0,"11":0,"12":0,"13":0},"b":{"0":[0,0],"1":[0,0],"2":[0,0]}}
,"C:\\Users\\Youcode\\Desktop\\YouCode\\WarehouseOps\\WarehouseOps\\store\\slices\\statisticsSlice.ts": {"path":"C:\\Users\\Youcode\\Desktop\\YouCode\\WarehouseOps\\WarehouseOps\\store\\slices\\statisticsSlice.ts","statementMap":{"0":{"start":{"line":21,"column":38},"end":{"line":27,"column":1}},"1":{"start":{"line":29,"column":38},"end":{"line":39,"column":1}},"2":{"start":{"line":32,"column":4},"end":{"line":37,"column":5}},"3":{"start":{"line":33,"column":19},"end":{"line":33,"column":61}},"4":{"start":{"line":34,"column":6},"end":{"line":34,"column":29}},"5":{"start":{"line":36,"column":6},"end":{"line":36,"column":44}},"6":{"start":{"line":41,"column":38},"end":{"line":51,"column":1}},"7":{"start":{"line":44,"column":4},"end":{"line":49,"column":5}},"8":{"start":{"line":45,"column":19},"end":{"line":45,"column":61}},"9":{"start":{"line":46,"column":6},"end":{"line":46,"column":18}},"10":{"start":{"line":48,"column":6},"end":{"line":48,"column":44}},"11":{"start":{"line":53,"column":36},"end":{"line":63,"column":1}},"12":{"start":{"line":56,"column":4},"end":{"line":61,"column":5}},"13":{"start":{"line":57,"column":19},"end":{"line":57,"column":59}},"14":{"start":{"line":58,"column":6},"end":{"line":58,"column":18}},"15":{"start":{"line":60,"column":6},"end":{"line":60,"column":44}},"16":{"start":{"line":65,"column":24},"end":{"line":127,"column":2}},"17":{"start":{"line":70,"column":6},"end":{"line":70,"column":27}},"18":{"start":{"line":71,"column":6},"end":{"line":71,"column":27}},"19":{"start":{"line":72,"column":6},"end":{"line":72,"column":25}},"20":{"start":{"line":73,"column":6},"end":{"line":73,"column":25}},"21":{"start":{"line":74,"column":6},"end":{"line":74,"column":28}},"22":{"start":{"line":77,"column":6},"end":{"line":80,"column":7}},"23":{"start":{"line":78,"column":8},"end":{"line":78,"column":54}},"24":{"start":{"line":79,"column":8},"end":{"line":79,"column":56}},"25":{"start":{"line":83,"column":6},"end":{"line":85,"column":7}},"26":{"start":{"line":84,"column":8},"end":{"line":84,"column":56}},"27":{"start":{"line":89,"column":4},"end":{"line":125,"column":9}},"28":{"start":{"line":91,"column":8},"end":{"line":91,"column":29}},"29":{"start":{"line":92,"column":8},"end":{"line":92,"column":27}},"30":{"start":{"line":95,"column":8},"end":{"line":95,"column":39}},"31":{"start":{"line":96,"column":8},"end":{"line":96,"column":30}},"32":{"start":{"line":99,"column":8},"end":{"line":99,"column":47}},"33":{"start":{"line":100,"column":8},"end":{"line":100,"column":30}},"34":{"start":{"line":103,"column":8},"end":{"line":103,"column":29}},"35":{"start":{"line":104,"column":8},"end":{"line":104,"column":27}},"36":{"start":{"line":107,"column":8},"end":{"line":107,"column":39}},"37":{"start":{"line":108,"column":8},"end":{"line":108,"column":30}},"38":{"start":{"line":111,"column":8},"end":{"line":111,"column":47}},"39":{"start":{"line":112,"column":8},"end":{"line":112,"column":30}},"40":{"start":{"line":115,"column":8},"end":{"line":115,"column":29}},"41":{"start":{"line":116,"column":8},"end":{"line":116,"column":27}},"42":{"start":{"line":119,"column":8},"end":{"line":119,"column":37}},"43":{"start":{"line":120,"column":8},"end":{"line":120,"column":30}},"44":{"start":{"line":123,"column":8},"end":{"line":123,"column":47}},"45":{"start":{"line":124,"column":8},"end":{"line":124,"column":30}},"46":{"start":{"line":133,"column":4},"end":{"line":133,"column":27}}},"fnMap":{"0":{"name":"(anonymous_0)","decl":{"start":{"line":31,"column":2},"end":{"line":31,"column":3}},"loc":{"start":{"line":31,"column":36},"end":{"line":38,"column":3}},"line":31},"1":{"name":"(anonymous_1)","decl":{"start":{"line":43,"column":2},"end":{"line":43,"column":3}},"loc":{"start":{"line":43,"column":36},"end":{"line":50,"column":3}},"line":43},"2":{"name":"(anonymous_2)","decl":{"start":{"line":55,"column":2},"end":{"line":55,"column":3}},"loc":{"start":{"line":55,"column":36},"end":{"line":62,"column":3}},"line":55},"3":{"name":"(anonymous_3)","decl":{"start":{"line":69,"column":21},"end":{"line":69,"column":22}},"loc":{"start":{"line":69,"column":32},"end":{"line":75,"column":5}},"line":69},"4":{"name":"(anonymous_4)","decl":{"start":{"line":76,"column":28},"end":{"line":76,"column":29}},"loc":{"start":{"line":76,"column":70},"end":{"line":81,"column":5}},"line":76},"5":{"name":"(anonymous_5)","decl":{"start":{"line":82,"column":22},"end":{"line":82,"column":23}},"loc":{"start":{"line":82,"column":64},"end":{"line":86,"column":5}},"line":82},"6":{"name":"(anonymous_6)","decl":{"start":{"line":88,"column":17},"end":{"line":88,"column":18}},"loc":{"start":{"line":88,"column":30},"end":{"line":126,"column":3}},"line":88},"7":{"name":"(anonymous_7)","decl":{"start":{"line":90,"column":47},"end":{"line":90,"column":48}},"loc":{"start":{"line":90,"column":58},"end":{"line":93,"column":7}},"line":90},"8":{"name":"(anonymous_8)","decl":{"start":{"line":94,"column":49},"end":{"line":94,"column":50}},"loc":{"start":{"line":94,"column":68},"end":{"line":97,"column":7}},"line":94},"9":{"name":"(anonymous_9)","decl":{"start":{"line":98,"column":48},"end":{"line":98,"column":49}},"loc":{"start":{"line":98,"column":67},"end":{"line":101,"column":7}},"line":98},"10":{"name":"(anonymous_10)","decl":{"start":{"line":102,"column":47},"end":{"line":102,"column":48}},"loc":{"start":{"line":102,"column":58},"end":{"line":105,"column":7}},"line":102},"11":{"name":"(anonymous_11)","decl":{"start":{"line":106,"column":49},"end":{"line":106,"column":50}},"loc":{"start":{"line":106,"column":68},"end":{"line":109,"column":7}},"line":106},"12":{"name":"(anonymous_12)","decl":{"start":{"line":110,"column":48},"end":{"line":110,"column":49}},"loc":{"start":{"line":110,"column":67},"end":{"line":113,"column":7}},"line":110},"13":{"name":"(anonymous_13)","decl":{"start":{"line":114,"column":45},"end":{"line":114,"column":46}},"loc":{"start":{"line":114,"column":56},"end":{"line":117,"column":7}},"line":114},"14":{"name":"(anonymous_14)","decl":{"start":{"line":118,"column":47},"end":{"line":118,"column":48}},"loc":{"start":{"line":118,"column":66},"end":{"line":121,"column":7}},"line":118},"15":{"name":"(anonymous_15)","decl":{"start":{"line":122,"column":46},"end":{"line":122,"column":47}},"loc":{"start":{"line":122,"column":65},"end":{"line":125,"column":7}},"line":122}},"branchMap":{"0":{"loc":{"start":{"line":77,"column":6},"end":{"line":80,"column":7}},"type":"if","locations":[{"start":{"line":77,"column":6},"end":{"line":80,"column":7}},{"start":{},"end":{}}],"line":77},"1":{"loc":{"start":{"line":83,"column":6},"end":{"line":85,"column":7}},"type":"if","locations":[{"start":{"line":83,"column":6},"end":{"line":85,"column":7}},{"start":{},"end":{}}],"line":83}},"s":{"0":0,"1":0,"2":0,"3":0,"4":0,"5":0,"6":0,"7":0,"8":0,"9":0,"10":0,"11":0,"12":0,"13":0,"14":0,"15":0,"16":0,"17":0,"18":0,"19":0,"20":0,"21":0,"22":0,"23":0,"24":0,"25":0,"26":0,"27":0,"28":0,"29":0,"30":0,"31":0,"32":0,"33":0,"34":0,"35":0,"36":0,"37":0,"38":0,"39":0,"40":0,"41":0,"42":0,"43":0,"44":0,"45":0,"46":0},"f":{"0":0,"1":0,"2":0,"3":0,"4":0,"5":0,"6":0,"7":0,"8":0,"9":0,"10":0,"11":0,"12":0,"13":0,"14":0,"15":0},"b":{"0":[0,0],"1":[0,0]}}
,"C:\\Users\\Youcode\\Desktop\\YouCode\\WarehouseOps\\WarehouseOps\\types\\home.types.ts": {"path":"C:\\Users\\Youcode\\Desktop\\YouCode\\WarehouseOps\\WarehouseOps\\types\\home.types.ts","statementMap":{},"fnMap":{},"branchMap":{},"s":{},"f":{},"b":{}}
,"C:\\Users\\Youcode\\Desktop\\YouCode\\WarehouseOps\\WarehouseOps\\types\\product.ts": {"path":"C:\\Users\\Youcode\\Desktop\\YouCode\\WarehouseOps\\WarehouseOps\\types\\product.ts","statementMap":{},"fnMap":{},"branchMap":{},"s":{},"f":{},"b":{}}
,"C:\\Users\\Youcode\\Desktop\\YouCode\\WarehouseOps\\WarehouseOps\\types\\search.types.ts": {"path":"C:\\Users\\Youcode\\Desktop\\YouCode\\WarehouseOps\\WarehouseOps\\types\\search.types.ts","statementMap":{},"fnMap":{},"branchMap":{},"s":{},"f":{},"b":{}}
,"C:\\Users\\Youcode\\Desktop\\YouCode\\WarehouseOps\\WarehouseOps\\utils\\auth.ts": {"path":"C:\\Users\\Youcode\\Desktop\\YouCode\\WarehouseOps\\WarehouseOps\\utils\\auth.ts","statementMap":{"0":{"start":{"line":3,"column":30},"end":{"line":3,"column":43}},"1":{"start":{"line":4,"column":29},"end":{"line":4,"column":41}},"2":{"start":{"line":6,"column":29},"end":{"line":17,"column":1}},"3":{"start":{"line":7,"column":2},"end":{"line":16,"column":3}},"4":{"start":{"line":8,"column":4},"end":{"line":11,"column":7}},"5":{"start":{"line":12,"column":4},"end":{"line":12,"column":16}},"6":{"start":{"line":14,"column":4},"end":{"line":14,"column":53}},"7":{"start":{"line":15,"column":4},"end":{"line":15,"column":17}},"8":{"start":{"line":19,"column":27},"end":{"line":33,"column":1}},"9":{"start":{"line":20,"column":2},"end":{"line":32,"column":3}},"10":{"start":{"line":21,"column":38},"end":{"line":24,"column":6}},"11":{"start":{"line":25,"column":4},"end":{"line":28,"column":6}},"12":{"start":{"line":30,"column":4},"end":{"line":30,"column":53}},"13":{"start":{"line":31,"column":4},"end":{"line":31,"column":39}},"14":{"start":{"line":35,"column":29},"end":{"line":43,"column":1}},"15":{"start":{"line":36,"column":2},"end":{"line":42,"column":3}},"16":{"start":{"line":37,"column":4},"end":{"line":37,"column":68}},"17":{"start":{"line":38,"column":4},"end":{"line":38,"column":16}},"18":{"start":{"line":40,"column":4},"end":{"line":40,"column":54}},"19":{"start":{"line":41,"column":4},"end":{"line":41,"column":17}}},"fnMap":{"0":{"name":"(anonymous_0)","decl":{"start":{"line":6,"column":29},"end":{"line":6,"column":30}},"loc":{"start":{"line":6,"column":69},"end":{"line":17,"column":1}},"line":6},"1":{"name":"(anonymous_1)","decl":{"start":{"line":19,"column":27},"end":{"line":19,"column":28}},"loc":{"start":{"line":19,"column":39},"end":{"line":33,"column":1}},"line":19},"2":{"name":"(anonymous_2)","decl":{"start":{"line":35,"column":29},"end":{"line":35,"column":30}},"loc":{"start":{"line":35,"column":41},"end":{"line":43,"column":1}},"line":35}},"branchMap":{"0":{"loc":{"start":{"line":27,"column":12},"end":{"line":27,"column":50}},"type":"cond-expr","locations":[{"start":{"line":27,"column":23},"end":{"line":27,"column":43}},{"start":{"line":27,"column":46},"end":{"line":27,"column":50}}],"line":27}},"s":{"0":0,"1":0,"2":0,"3":0,"4":0,"5":0,"6":0,"7":0,"8":0,"9":0,"10":0,"11":0,"12":0,"13":0,"14":0,"15":0,"16":0,"17":0,"18":0,"19":0},"f":{"0":0,"1":0,"2":0},"b":{"0":[0,0]}}
,"C:\\Users\\Youcode\\Desktop\\YouCode\\WarehouseOps\\WarehouseOps\\utils\\reportGenerator.ts": {"path":"C:\\Users\\Youcode\\Desktop\\YouCode\\WarehouseOps\\WarehouseOps\\utils\\reportGenerator.ts","statementMap":{"0":{"start":{"line":3,"column":36},"end":{"line":80,"column":1}},"1":{"start":{"line":4,"column":2},"end":{"line":79,"column":4}},"2":{"start":{"line":60,"column":38},"end":{"line":74,"column":13}},"3":{"start":{"line":72,"column":60},"end":{"line":72,"column":80}}},"fnMap":{"0":{"name":"(anonymous_0)","decl":{"start":{"line":3,"column":36},"end":{"line":3,"column":37}},"loc":{"start":{"line":3,"column":61},"end":{"line":80,"column":1}},"line":3},"1":{"name":"(anonymous_1)","decl":{"start":{"line":60,"column":27},"end":{"line":60,"column":28}},"loc":{"start":{"line":60,"column":38},"end":{"line":74,"column":13}},"line":60},"2":{"name":"(anonymous_2)","decl":{"start":{"line":72,"column":44},"end":{"line":72,"column":45}},"loc":{"start":{"line":72,"column":60},"end":{"line":72,"column":80}},"line":72}},"branchMap":{"0":{"loc":{"start":{"line":63,"column":20},"end":{"line":65,"column":117}},"type":"cond-expr","locations":[{"start":{"line":64,"column":22},"end":{"line":64,"column":98}},{"start":{"line":65,"column":22},"end":{"line":65,"column":117}}],"line":63}},"s":{"0":0,"1":0,"2":0,"3":0},"f":{"0":0,"1":0,"2":0},"b":{"0":[0,0]}}
}
