TN:
SF:metro.config.js
FNF:0
FNH:0
DA:1,0
DA:2,0
DA:3,0
DA:6,0
DA:9,0
LF:5
LH:0
BRF:0
BRH:0
end_of_record
TN:
SF:nativewind-env.d.ts
FNF:0
FNH:0
LF:0
LH:0
BRF:0
BRH:0
end_of_record
TN:
SF:tailwind.config.js
FNF:0
FNH:0
DA:2,0
LF:1
LH:0
BRF:0
BRH:0
end_of_record
TN:
SF:api\config.ts
FNF:0
FNH:0
DA:1,0
LF:1
LH:0
BRF:0
BRH:0
end_of_record
TN:
SF:api\productsApi.ts
FN:5,(anonymous_0)
FN:18,(anonymous_1)
FN:31,(anonymous_2)
FN:50,(anonymous_3)
FNF:4
FNH:0
FNDA:0,(anonymous_0)
FNDA:0,(anonymous_1)
FNDA:0,(anonymous_2)
FNDA:0,(anonymous_3)
DA:4,0
DA:6,0
DA:7,0
DA:8,0
DA:9,0
DA:11,0
DA:13,0
DA:14,0
DA:19,0
DA:20,0
DA:21,0
DA:22,0
DA:24,0
DA:26,0
DA:27,0
DA:32,0
DA:33,0
DA:40,0
DA:41,0
DA:43,0
DA:45,0
DA:46,0
DA:51,0
DA:52,0
DA:59,0
DA:60,0
DA:62,0
DA:64,0
DA:65,0
LF:29
LH:0
BRDA:8,0,0,0
BRDA:8,0,1,0
BRDA:21,1,0,0
BRDA:21,1,1,0
BRDA:40,2,0,0
BRDA:40,2,1,0
BRDA:59,3,0,0
BRDA:59,3,1,0
BRF:8
BRH:0
end_of_record
TN:
SF:api\statisticsApi.ts
FN:4,(anonymous_0)
FN:14,(anonymous_1)
FN:24,(anonymous_2)
FN:34,(anonymous_3)
FN:45,(anonymous_4)
FN:55,(anonymous_5)
FNF:6
FNH:0
FNDA:0,(anonymous_0)
FNDA:0,(anonymous_1)
FNDA:0,(anonymous_2)
FNDA:0,(anonymous_3)
FNDA:0,(anonymous_4)
FNDA:0,(anonymous_5)
DA:3,0
DA:5,0
DA:6,0
DA:7,0
DA:9,0
DA:10,0
DA:15,0
DA:16,0
DA:17,0
DA:19,0
DA:20,0
DA:25,0
DA:26,0
DA:27,0
DA:29,0
DA:30,0
DA:35,0
DA:36,0
DA:37,0
DA:39,0
DA:40,0
DA:46,0
DA:47,0
DA:48,0
DA:50,0
DA:51,0
DA:56,0
DA:57,0
DA:58,0
DA:60,0
DA:61,0
LF:31
LH:0
BRDA:45,0,0,0
BRF:1
BRH:0
end_of_record
TN:
SF:api\warehousemansApi.js
FN:4,(anonymous_0)
FN:14,(anonymous_1)
FN:24,(anonymous_2)
FN:40,(anonymous_3)
FN:56,(anonymous_4)
FN:68,(anonymous_5)
FNF:6
FNH:0
FNDA:0,(anonymous_0)
FNDA:0,(anonymous_1)
FNDA:0,(anonymous_2)
FNDA:0,(anonymous_3)
FNDA:0,(anonymous_4)
FNDA:0,(anonymous_5)
DA:3,0
DA:5,0
DA:6,0
DA:7,0
DA:9,0
DA:10,0
DA:15,0
DA:16,0
DA:17,0
DA:19,0
DA:20,0
DA:25,0
DA:26,0
DA:33,0
DA:35,0
DA:36,0
DA:41,0
DA:42,0
DA:49,0
DA:51,0
DA:52,0
DA:57,0
DA:58,0
DA:61,0
DA:63,0
DA:64,0
DA:69,0
DA:70,0
DA:71,0
DA:73,0
DA:74,0
LF:31
LH:0
BRF:0
BRH:0
end_of_record
TN:
SF:app\_layout.tsx
FN:5,RootLayout
FNF:1
FNH:0
FNDA:0,RootLayout
DA:6,0
LF:1
LH:0
BRF:0
BRH:0
end_of_record
TN:
SF:app\index.tsx
FN:6,(anonymous_0)
FN:7,(anonymous_1)
FNF:2
FNH:0
FNDA:0,(anonymous_0)
FNDA:0,(anonymous_1)
DA:6,0
DA:7,0
DA:8,0
DA:11,0
LF:4
LH:0
BRF:0
BRH:0
end_of_record
TN:
SF:app\(tabs)\_layout.tsx
FN:7,(anonymous_0)
FN:40,(anonymous_1)
FN:48,(anonymous_2)
FN:56,(anonymous_3)
FN:57,(anonymous_4)
FN:73,(anonymous_5)
FN:81,(anonymous_6)
FNF:7
FNH:0
FNDA:0,(anonymous_0)
FNDA:0,(anonymous_1)
FNDA:0,(anonymous_2)
FNDA:0,(anonymous_3)
FNDA:0,(anonymous_4)
FNDA:0,(anonymous_5)
FNDA:0,(anonymous_6)
DA:7,0
DA:8,0
DA:9,0
DA:10,0
DA:12,0
DA:40,0
DA:48,0
DA:56,0
DA:58,0
DA:73,0
DA:81,0
LF:11
LH:0
BRDA:28,0,0,0
BRDA:28,0,1,0
BRDA:28,1,0,0
BRDA:28,1,1,0
BRF:4
BRH:0
end_of_record
TN:
SF:app\(tabs)\stats.tsx
FN:12,(anonymous_0)
FN:16,(anonymous_1)
FN:20,(anonymous_2)
FN:30,(anonymous_3)
FN:88,(anonymous_4)
FNF:5
FNH:0
FNDA:0,(anonymous_0)
FNDA:0,(anonymous_1)
FNDA:0,(anonymous_2)
FNDA:0,(anonymous_3)
FNDA:0,(anonymous_4)
DA:12,0
DA:13,0
DA:14,0
DA:16,0
DA:17,0
DA:20,0
DA:21,0
DA:22,0
DA:23,0
DA:24,0
DA:26,0
DA:30,0
DA:31,0
DA:56,0
DA:89,0
LF:15
LH:0
BRDA:41,0,0,0
BRDA:41,0,1,0
BRDA:43,1,0,0
BRDA:43,1,1,0
BRDA:48,2,0,0
BRDA:48,2,1,0
BRDA:62,3,0,0
BRDA:62,3,1,0
BRDA:70,4,0,0
BRDA:70,4,1,0
BRDA:78,5,0,0
BRDA:78,5,1,0
BRF:12
BRH:0
end_of_record
TN:
SF:app\(tabs)\home\_layout.tsx
FN:3,HomeLayout
FNF:1
FNH:0
FNDA:0,HomeLayout
DA:4,0
LF:1
LH:0
BRF:0
BRH:0
end_of_record
TN:
SF:app\(tabs)\home\index.tsx
FN:38,(anonymous_0)
FN:57,(anonymous_1)
FN:67,(anonymous_2)
FN:68,(anonymous_3)
FN:69,(anonymous_4)
FN:72,(anonymous_5)
FN:73,(anonymous_6)
FN:74,(anonymous_7)
FN:79,(anonymous_8)
FN:80,(anonymous_9)
FN:81,(anonymous_10)
FN:85,(anonymous_11)
FN:87,(anonymous_12)
FN:88,(anonymous_13)
FN:92,(anonymous_14)
FN:98,(anonymous_15)
FN:102,(anonymous_16)
FN:104,(anonymous_17)
FN:115,(anonymous_18)
FN:186,(anonymous_19)
FN:190,(anonymous_20)
FNF:21
FNH:0
FNDA:0,(anonymous_0)
FNDA:0,(anonymous_1)
FNDA:0,(anonymous_2)
FNDA:0,(anonymous_3)
FNDA:0,(anonymous_4)
FNDA:0,(anonymous_5)
FNDA:0,(anonymous_6)
FNDA:0,(anonymous_7)
FNDA:0,(anonymous_8)
FNDA:0,(anonymous_9)
FNDA:0,(anonymous_10)
FNDA:0,(anonymous_11)
FNDA:0,(anonymous_12)
FNDA:0,(anonymous_13)
FNDA:0,(anonymous_14)
FNDA:0,(anonymous_15)
FNDA:0,(anonymous_16)
FNDA:0,(anonymous_17)
FNDA:0,(anonymous_18)
FNDA:0,(anonymous_19)
FNDA:0,(anonymous_20)
DA:26,0
DA:38,0
DA:39,0
DA:57,0
DA:58,0
DA:60,0
DA:67,0
DA:68,0
DA:69,0
DA:72,0
DA:73,0
DA:74,0
DA:75,0
DA:79,0
DA:80,0
DA:81,0
DA:82,0
DA:85,0
DA:86,0
DA:88,0
DA:89,0
DA:93,0
DA:98,0
DA:99,0
DA:100,0
DA:101,0
DA:102,0
DA:104,0
DA:105,0
DA:106,0
DA:107,0
DA:108,0
DA:109,0
DA:111,0
DA:115,0
DA:116,0
DA:117,0
DA:119,0
DA:123,0
DA:124,0
DA:127,0
DA:128,0
DA:130,0
DA:187,0
DA:190,0
LF:45
LH:0
BRDA:44,0,0,0
BRDA:44,0,1,0
BRDA:75,1,0,0
BRDA:75,1,1,0
BRDA:82,2,0,0
BRDA:82,2,1,0
BRDA:107,3,0,0
BRDA:107,3,1,0
BRDA:123,4,0,0
BRDA:123,4,1,0
BRDA:123,5,0,0
BRDA:123,5,1,0
BRDA:180,6,0,0
BRDA:180,6,1,0
BRF:14
BRH:0
end_of_record
TN:
SF:app\(tabs)\products\[id].tsx
FN:51,(anonymous_0)
FN:74,(anonymous_1)
FN:99,(anonymous_2)
FN:107,(anonymous_3)
FN:111,(anonymous_4)
FN:123,(anonymous_5)
FN:135,(anonymous_6)
FN:137,(anonymous_7)
FN:140,(anonymous_8)
FN:142,(anonymous_9)
FN:155,(anonymous_10)
FN:174,(anonymous_11)
FN:190,(anonymous_12)
FN:323,(anonymous_13)
FNF:14
FNH:0
FNDA:0,(anonymous_0)
FNDA:0,(anonymous_1)
FNDA:0,(anonymous_2)
FNDA:0,(anonymous_3)
FNDA:0,(anonymous_4)
FNDA:0,(anonymous_5)
FNDA:0,(anonymous_6)
FNDA:0,(anonymous_7)
FNDA:0,(anonymous_8)
FNDA:0,(anonymous_9)
FNDA:0,(anonymous_10)
FNDA:0,(anonymous_11)
FNDA:0,(anonymous_12)
FNDA:0,(anonymous_13)
DA:33,0
DA:51,0
DA:58,0
DA:74,0
DA:81,0
DA:99,0
DA:100,0
DA:101,0
DA:102,0
DA:103,0
DA:104,0
DA:105,0
DA:107,0
DA:108,0
DA:111,0
DA:112,0
DA:113,0
DA:114,0
DA:115,0
DA:117,0
DA:119,0
DA:123,0
DA:124,0
DA:125,0
DA:126,0
DA:131,0
DA:135,0
DA:136,0
DA:137,0
DA:140,0
DA:141,0
DA:142,0
DA:145,0
DA:146,0
DA:149,0
DA:150,0
DA:155,0
DA:164,0
DA:165,0
DA:167,0
DA:174,0
DA:190,0
DA:323,0
LF:43
LH:0
BRDA:62,0,0,0
BRDA:62,0,1,0
BRDA:64,1,0,0
BRDA:64,1,1,0
BRDA:83,2,0,0
BRDA:83,2,1,0
BRDA:124,3,0,0
BRDA:124,3,1,0
BRDA:136,4,0,0
BRDA:136,4,1,0
BRDA:141,5,0,0
BRDA:141,5,1,0
BRDA:141,6,0,0
BRDA:141,6,1,0
BRDA:145,7,0,0
BRDA:145,7,1,0
BRDA:149,8,0,0
BRDA:149,8,1,0
BRDA:273,9,0,0
BRDA:273,9,1,0
BRDA:283,10,0,0
BRDA:283,10,1,0
BRDA:309,11,0,0
BRDA:309,11,1,0
BRF:24
BRH:0
end_of_record
TN:
SF:app\(tabs)\products\_layout.tsx
FN:2,ProductsLayout
FNF:1
FNH:0
FNDA:0,ProductsLayout
DA:3,0
LF:1
LH:0
BRF:0
BRH:0
end_of_record
TN:
SF:app\(tabs)\products\add.tsx
FN:67,(anonymous_0)
FN:77,(anonymous_1)
FN:78,(anonymous_2)
FN:79,(anonymous_3)
FN:84,(anonymous_4)
FN:87,(anonymous_5)
FN:95,(anonymous_6)
FN:126,(anonymous_7)
FN:150,(anonymous_8)
FN:159,(anonymous_9)
FN:192,(anonymous_10)
FN:202,(anonymous_11)
FN:219,(anonymous_12)
FN:237,(anonymous_13)
FN:245,(anonymous_14)
FN:248,(anonymous_15)
FN:269,(anonymous_16)
FN:279,(anonymous_17)
FN:293,(anonymous_18)
FN:307,(anonymous_19)
FN:322,(anonymous_20)
FN:336,(anonymous_21)
FN:347,(anonymous_22)
FN:353,(anonymous_23)
FN:354,(anonymous_24)
FN:387,(anonymous_25)
FNF:26
FNH:0
FNDA:0,(anonymous_0)
FNDA:0,(anonymous_1)
FNDA:0,(anonymous_2)
FNDA:0,(anonymous_3)
FNDA:0,(anonymous_4)
FNDA:0,(anonymous_5)
FNDA:0,(anonymous_6)
FNDA:0,(anonymous_7)
FNDA:0,(anonymous_8)
FNDA:0,(anonymous_9)
FNDA:0,(anonymous_10)
FNDA:0,(anonymous_11)
FNDA:0,(anonymous_12)
FNDA:0,(anonymous_13)
FNDA:0,(anonymous_14)
FNDA:0,(anonymous_15)
FNDA:0,(anonymous_16)
FNDA:0,(anonymous_17)
FNDA:0,(anonymous_18)
FNDA:0,(anonymous_19)
FNDA:0,(anonymous_20)
FNDA:0,(anonymous_21)
FNDA:0,(anonymous_22)
FNDA:0,(anonymous_23)
FNDA:0,(anonymous_24)
FNDA:0,(anonymous_25)
DA:49,0
DA:60,0
DA:62,0
DA:67,0
DA:68,0
DA:69,0
DA:70,0
DA:71,0
DA:72,0
DA:73,0
DA:74,0
DA:76,0
DA:78,0
DA:79,0
DA:84,0
DA:85,0
DA:86,0
DA:87,0
DA:89,0
DA:90,0
DA:95,0
DA:96,0
DA:98,0
DA:100,0
DA:101,0
DA:105,0
DA:108,0
DA:109,0
DA:116,0
DA:117,0
DA:120,0
DA:122,0
DA:126,0
DA:127,0
DA:129,0
DA:130,0
DA:131,0
DA:132,0
DA:133,0
DA:134,0
DA:136,0
DA:137,0
DA:138,0
DA:142,0
DA:144,0
DA:146,0
DA:147,0
DA:150,0
DA:151,0
DA:152,0
DA:153,0
DA:156,0
DA:157,0
DA:158,0
DA:159,0
DA:162,0
DA:190,0
DA:191,0
DA:192,0
DA:195,0
DA:196,0
DA:198,0
DA:202,0
DA:203,0
DA:219,0
DA:237,0
DA:238,0
DA:246,0
DA:248,0
DA:269,0
DA:270,0
DA:279,0
DA:293,0
DA:307,0
DA:322,0
DA:336,0
DA:347,0
DA:348,0
DA:353,0
DA:355,0
DA:379,0
DA:387,0
LF:82
LH:0
BRDA:85,0,0,0
BRDA:85,0,1,0
BRDA:89,1,0,0
BRDA:89,1,1,0
BRDA:100,2,0,0
BRDA:100,2,1,0
BRDA:116,3,0,0
BRDA:116,3,1,0
BRDA:129,4,0,0
BRDA:129,4,1,0
BRDA:130,5,0,0
BRDA:130,5,1,0
BRDA:131,6,0,0
BRDA:131,6,1,0
BRDA:132,7,0,0
BRDA:132,7,1,0
BRDA:133,8,0,0
BRDA:133,8,1,0
BRDA:133,9,0,0
BRDA:133,9,1,0
BRDA:136,10,0,0
BRDA:136,10,1,0
BRDA:137,11,0,0
BRDA:137,11,1,0
BRDA:138,12,0,0
BRDA:138,12,1,0
BRDA:139,13,0,0
BRDA:139,13,1,0
BRDA:144,14,0,0
BRDA:144,14,1,0
BRDA:151,15,0,0
BRDA:151,15,1,0
BRDA:169,16,0,0
BRDA:169,16,1,0
BRDA:173,17,0,0
BRDA:173,17,1,0
BRDA:176,18,0,0
BRDA:176,18,1,0
BRDA:209,19,0,0
BRDA:209,19,1,0
BRDA:211,20,0,0
BRDA:211,20,1,0
BRDA:250,21,0,0
BRDA:250,21,1,0
BRDA:257,22,0,0
BRDA:257,22,1,0
BRDA:265,23,0,0
BRDA:265,23,1,0
BRDA:281,24,0,0
BRDA:281,24,1,0
BRDA:284,25,0,0
BRDA:284,25,1,0
BRDA:295,26,0,0
BRDA:295,26,1,0
BRDA:298,27,0,0
BRDA:298,27,1,0
BRDA:310,28,0,0
BRDA:310,28,1,0
BRDA:313,29,0,0
BRDA:313,29,1,0
BRDA:324,30,0,0
BRDA:324,30,1,0
BRDA:327,31,0,0
BRDA:327,31,1,0
BRDA:339,32,0,0
BRDA:339,32,1,0
BRDA:342,33,0,0
BRDA:342,33,1,0
BRDA:398,34,0,0
BRDA:398,34,1,0
BRDA:400,35,0,0
BRDA:400,35,1,0
BRDA:422,36,0,0
BRDA:422,36,1,0
BRDA:429,37,0,0
BRDA:429,37,1,0
BRDA:432,38,0,0
BRDA:432,38,1,0
BRF:78
BRH:0
end_of_record
TN:
SF:app\(tabs)\products\index.tsx
FN:21,(anonymous_0)
FN:30,(anonymous_1)
FN:55,(anonymous_2)
FN:58,(anonymous_3)
FN:65,(anonymous_4)
FN:73,(anonymous_5)
FN:74,(anonymous_6)
FN:86,(anonymous_7)
FN:90,(anonymous_8)
FN:94,(anonymous_9)
FN:96,(anonymous_10)
FN:128,(anonymous_11)
FN:136,(anonymous_12)
FN:137,(anonymous_13)
FNF:14
FNH:0
FNDA:0,(anonymous_0)
FNDA:0,(anonymous_1)
FNDA:0,(anonymous_2)
FNDA:0,(anonymous_3)
FNDA:0,(anonymous_4)
FNDA:0,(anonymous_5)
FNDA:0,(anonymous_6)
FNDA:0,(anonymous_7)
FNDA:0,(anonymous_8)
FNDA:0,(anonymous_9)
FNDA:0,(anonymous_10)
FNDA:0,(anonymous_11)
FNDA:0,(anonymous_12)
FNDA:0,(anonymous_13)
DA:14,0
DA:21,0
DA:22,0
DA:23,0
DA:24,0
DA:25,0
DA:26,0
DA:27,0
DA:28,0
DA:30,0
DA:31,0
DA:32,0
DA:33,0
DA:36,0
DA:37,0
DA:40,0
DA:41,0
DA:55,0
DA:57,0
DA:59,0
DA:62,0
DA:63,0
DA:66,0
DA:67,0
DA:69,0
DA:70,0
DA:72,0
DA:73,0
DA:74,0
DA:76,0
DA:78,0
DA:79,0
DA:81,0
DA:83,0
DA:86,0
DA:87,0
DA:90,0
DA:91,0
DA:94,0
DA:95,0
DA:96,0
DA:98,0
DA:99,0
DA:103,0
DA:128,0
DA:136,0
DA:137,0
LF:47
LH:0
BRDA:36,0,0,0
BRDA:36,0,1,0
BRDA:36,1,0,0
BRDA:36,1,1,0
BRDA:40,2,0,0
BRDA:40,2,1,0
BRDA:59,3,0,0
BRDA:59,3,1,0
BRDA:59,3,2,0
BRDA:62,4,0,0
BRDA:62,4,1,0
BRDA:63,5,0,0
BRDA:63,5,1,0
BRDA:67,6,0,0
BRDA:67,6,1,0
BRDA:67,6,2,0
BRDA:67,6,3,0
BRDA:83,7,0,0
BRDA:83,7,1,0
BRDA:95,8,0,0
BRDA:95,8,1,0
BRDA:96,9,0,0
BRDA:96,9,1,0
BRDA:141,10,0,0
BRDA:141,10,1,0
BRF:25
BRH:0
end_of_record
TN:
SF:app\(tabs)\scan\_layout.tsx
FN:2,ProductsLayout
FNF:1
FNH:0
FNDA:0,ProductsLayout
DA:3,0
LF:1
LH:0
BRF:0
BRH:0
end_of_record
TN:
SF:app\(tabs)\scan\index.tsx
FN:49,(anonymous_0)
FN:71,(anonymous_1)
FN:99,(anonymous_2)
FN:153,(anonymous_3)
FN:184,(anonymous_4)
FN:205,(anonymous_5)
FN:240,(anonymous_6)
FN:250,(anonymous_7)
FN:253,(anonymous_8)
FN:261,(anonymous_9)
FN:279,(anonymous_10)
FN:291,(anonymous_11)
FN:297,(anonymous_12)
FN:312,(anonymous_13)
FN:316,(anonymous_14)
FN:322,(anonymous_15)
FN:377,(anonymous_16)
FN:386,(anonymous_17)
FNF:18
FNH:0
FNDA:0,(anonymous_0)
FNDA:0,(anonymous_1)
FNDA:0,(anonymous_2)
FNDA:0,(anonymous_3)
FNDA:0,(anonymous_4)
FNDA:0,(anonymous_5)
FNDA:0,(anonymous_6)
FNDA:0,(anonymous_7)
FNDA:0,(anonymous_8)
FNDA:0,(anonymous_9)
FNDA:0,(anonymous_10)
FNDA:0,(anonymous_11)
FNDA:0,(anonymous_12)
FNDA:0,(anonymous_13)
FNDA:0,(anonymous_14)
FNDA:0,(anonymous_15)
FNDA:0,(anonymous_16)
FNDA:0,(anonymous_17)
DA:32,0
DA:49,0
DA:57,0
DA:71,0
DA:76,0
DA:99,0
DA:107,0
DA:153,0
DA:159,0
DA:185,0
DA:186,0
DA:205,0
DA:210,0
DA:212,0
DA:214,0
DA:240,0
DA:241,0
DA:242,0
DA:243,0
DA:244,0
DA:245,0
DA:246,0
DA:247,0
DA:248,0
DA:250,0
DA:251,0
DA:253,0
DA:254,0
DA:255,0
DA:256,0
DA:257,0
DA:261,0
DA:262,0
DA:263,0
DA:264,0
DA:266,0
DA:267,0
DA:269,0
DA:270,0
DA:272,0
DA:274,0
DA:275,0
DA:279,0
DA:280,0
DA:281,0
DA:282,0
DA:283,0
DA:285,0
DA:286,0
DA:287,0
DA:291,0
DA:292,0
DA:293,0
DA:294,0
DA:297,0
DA:298,0
DA:299,0
DA:300,0
DA:301,0
DA:303,0
DA:304,0
DA:307,0
DA:312,0
DA:316,0
DA:323,0
DA:324,0
DA:377,0
DA:387,0
DA:388,0
DA:389,0
DA:390,0
LF:71
LH:0
BRDA:52,0,0,0
BRDA:53,1,0,0
BRDA:54,2,0,0
BRDA:55,3,0,0
BRDA:133,4,0,0
BRDA:133,4,1,0
BRDA:137,5,0,0
BRDA:137,5,1,0
BRDA:161,6,0,0
BRDA:161,6,1,0
BRDA:168,7,0,0
BRDA:168,7,1,0
BRDA:171,8,0,0
BRDA:171,8,1,0
BRDA:186,9,0,0
BRDA:186,9,1,0
BRDA:192,10,0,0
BRDA:192,10,1,0
BRDA:212,11,0,0
BRDA:212,11,1,0
BRDA:214,12,0,0
BRDA:214,12,1,0
BRDA:221,13,0,0
BRDA:221,13,1,0
BRDA:254,14,0,0
BRDA:254,14,1,0
BRDA:254,15,0,0
BRDA:254,15,1,0
BRDA:267,16,0,0
BRDA:267,16,1,0
BRDA:280,17,0,0
BRDA:280,17,1,0
BRDA:298,18,0,0
BRDA:298,18,1,0
BRDA:315,19,0,0
BRDA:315,19,1,0
BRDA:344,20,0,0
BRDA:344,20,1,0
BRDA:366,21,0,0
BRDA:366,21,1,0
BRF:40
BRH:0
end_of_record
TN:
SF:app\(tabs)\settings\_layout.tsx
FN:3,SettingsLayout
FNF:1
FNH:0
FNDA:0,SettingsLayout
DA:4,0
LF:1
LH:0
BRF:0
BRH:0
end_of_record
TN:
SF:app\(tabs)\settings\index.tsx
FN:22,(anonymous_0)
FN:24,(anonymous_1)
FN:27,(anonymous_2)
FN:33,(anonymous_3)
FN:53,(anonymous_4)
FN:115,(anonymous_5)
FN:121,(anonymous_6)
FN:132,(anonymous_7)
FN:149,(anonymous_8)
FNF:9
FNH:0
FNDA:0,(anonymous_0)
FNDA:0,(anonymous_1)
FNDA:0,(anonymous_2)
FNDA:0,(anonymous_3)
FNDA:0,(anonymous_4)
FNDA:0,(anonymous_5)
FNDA:0,(anonymous_6)
FNDA:0,(anonymous_7)
FNDA:0,(anonymous_8)
DA:22,0
DA:23,0
DA:24,0
DA:25,0
DA:27,0
DA:28,0
DA:29,0
DA:30,0
DA:33,0
DA:34,0
DA:35,0
DA:37,0
DA:42,0
DA:48,0
DA:49,0
DA:53,0
DA:59,0
DA:74,0
DA:121,0
LF:19
LH:0
BRDA:68,0,0,0
BRDA:68,0,1,0
BRDA:84,1,0,0
BRDA:84,1,1,0
BRDA:97,2,0,0
BRDA:97,2,1,0
BRDA:100,3,0,0
BRDA:100,3,1,0
BRF:8
BRH:0
end_of_record
TN:
SF:app\(tabs)\settings\warehouse-details.tsx
FN:33,(anonymous_0)
FN:35,(anonymous_1)
FN:47,(anonymous_2)
FN:51,(anonymous_3)
FN:56,(anonymous_4)
FN:57,(anonymous_5)
FN:68,(anonymous_6)
FN:72,(anonymous_7)
FN:73,(anonymous_8)
FN:76,(anonymous_9)
FN:77,(anonymous_10)
FN:107,(anonymous_11)
FN:168,(anonymous_12)
FN:176,(anonymous_13)
FN:180,(anonymous_14)
FN:205,(anonymous_15)
FN:231,(anonymous_16)
FN:238,(anonymous_17)
FN:245,(anonymous_18)
FN:252,(anonymous_19)
FNF:20
FNH:0
FNDA:0,(anonymous_0)
FNDA:0,(anonymous_1)
FNDA:0,(anonymous_2)
FNDA:0,(anonymous_3)
FNDA:0,(anonymous_4)
FNDA:0,(anonymous_5)
FNDA:0,(anonymous_6)
FNDA:0,(anonymous_7)
FNDA:0,(anonymous_8)
FNDA:0,(anonymous_9)
FNDA:0,(anonymous_10)
FNDA:0,(anonymous_11)
FNDA:0,(anonymous_12)
FNDA:0,(anonymous_13)
FNDA:0,(anonymous_14)
FNDA:0,(anonymous_15)
FNDA:0,(anonymous_16)
FNDA:0,(anonymous_17)
FNDA:0,(anonymous_18)
FNDA:0,(anonymous_19)
DA:31,0
DA:33,0
DA:34,0
DA:35,0
DA:36,0
DA:37,0
DA:38,0
DA:47,0
DA:48,0
DA:51,0
DA:52,0
DA:53,0
DA:54,0
DA:55,0
DA:56,0
DA:57,0
DA:59,0
DA:60,0
DA:61,0
DA:63,0
DA:64,0
DA:68,0
DA:69,0
DA:70,0
DA:73,0
DA:74,0
DA:77,0
DA:78,0
DA:84,0
DA:87,0
DA:88,0
DA:99,0
DA:101,0
DA:107,0
DA:168,0
DA:177,0
DA:180,0
DA:205,0
DA:231,0
DA:238,0
DA:245,0
DA:252,0
LF:42
LH:0
BRDA:52,0,0,0
BRDA:52,0,1,0
BRDA:69,1,0,0
BRDA:69,1,1,0
BRDA:78,2,0,0
BRDA:78,2,1,0
BRDA:87,3,0,0
BRDA:87,3,1,0
BRDA:87,4,0,0
BRDA:87,4,1,0
BRDA:90,5,0,0
BRDA:90,5,1,0
BRDA:99,6,0,0
BRDA:99,6,1,0
BRDA:205,7,0,0
BRDA:205,7,1,0
BRF:16
BRH:0
end_of_record
TN:
SF:app\login\index.tsx
FN:25,(anonymous_0)
FN:27,(anonymous_1)
FN:30,(anonymous_2)
FN:34,(anonymous_3)
FN:42,(anonymous_4)
FN:50,(anonymous_5)
FNF:6
FNH:0
FNDA:0,(anonymous_0)
FNDA:0,(anonymous_1)
FNDA:0,(anonymous_2)
FNDA:0,(anonymous_3)
FNDA:0,(anonymous_4)
FNDA:0,(anonymous_5)
DA:25,0
DA:26,0
DA:27,0
DA:28,0
DA:30,0
DA:31,0
DA:34,0
DA:35,0
DA:36,0
DA:37,0
DA:38,0
DA:42,0
DA:43,0
DA:45,0
DA:46,0
DA:47,0
DA:48,0
DA:49,0
DA:50,0
DA:53,0
DA:55,0
DA:56,0
DA:57,0
DA:58,0
DA:60,0
DA:63,0
DA:66,0
DA:69,0
DA:76,0
LF:29
LH:0
BRDA:36,0,0,0
BRDA:36,0,1,0
BRDA:43,1,0,0
BRDA:43,1,1,0
BRDA:53,2,0,0
BRDA:53,2,1,0
BRDA:56,3,0,0
BRDA:56,3,1,0
BRDA:67,4,0,0
BRDA:67,4,1,0
BRDA:71,5,0,0
BRDA:71,5,1,0
BRDA:78,6,0,0
BRDA:78,6,1,0
BRDA:134,7,0,0
BRDA:134,7,1,0
BRDA:137,8,0,0
BRDA:137,8,1,0
BRDA:140,9,0,0
BRDA:140,9,1,0
BRF:20
BRH:0
end_of_record
TN:
SF:components\Collapsible.tsx
FN:10,Collapsible
FN:18,(anonymous_1)
FN:18,(anonymous_2)
FNF:3
FNH:0
FNDA:0,Collapsible
FNDA:0,(anonymous_1)
FNDA:0,(anonymous_2)
DA:11,0
DA:12,0
DA:14,0
DA:18,0
DA:35,0
LF:5
LH:0
BRDA:12,0,0,0
BRDA:12,0,1,0
BRDA:24,1,0,0
BRDA:24,1,1,0
BRDA:25,2,0,0
BRDA:25,2,1,0
BRDA:30,3,0,0
BRDA:30,3,1,0
BRF:8
BRH:0
end_of_record
TN:
SF:components\ExternalLink.tsx
FN:8,ExternalLink
FN:14,(anonymous_1)
FNF:2
FNH:0
FNDA:0,ExternalLink
FNDA:0,(anonymous_1)
DA:9,0
DA:15,0
DA:17,0
DA:19,0
LF:4
LH:0
BRDA:15,0,0,0
BRDA:15,0,1,0
BRF:2
BRH:0
end_of_record
TN:
SF:components\HapticTab.tsx
FN:5,HapticTab
FN:9,(anonymous_1)
FNF:2
FNH:0
FNDA:0,HapticTab
FNDA:0,(anonymous_1)
DA:6,0
DA:10,0
DA:12,0
DA:14,0
LF:4
LH:0
BRDA:10,0,0,0
BRDA:10,0,1,0
BRF:2
BRH:0
end_of_record
TN:
SF:components\HelloWave.tsx
FN:13,HelloWave
FN:16,(anonymous_1)
FN:23,(anonymous_2)
FNF:3
FNH:0
FNDA:0,HelloWave
FNDA:0,(anonymous_1)
FNDA:0,(anonymous_2)
DA:14,0
DA:16,0
DA:17,0
DA:23,0
DA:27,0
DA:34,0
LF:6
LH:0
BRF:0
BRH:0
end_of_record
TN:
SF:components\ParallaxScrollView.tsx
FN:21,ParallaxScrollView
FN:30,(anonymous_1)
FNF:2
FNH:0
FNDA:0,ParallaxScrollView
FNDA:0,(anonymous_1)
DA:14,0
DA:26,0
DA:27,0
DA:28,0
DA:29,0
DA:30,0
DA:31,0
DA:47,0
DA:68,0
LF:9
LH:0
BRDA:26,0,0,0
BRDA:26,0,1,0
BRF:2
BRH:0
end_of_record
TN:
SF:components\ThemedText.tsx
FN:11,ThemedText
FNF:1
FNH:0
FNDA:0,ThemedText
DA:18,0
DA:20,0
DA:36,0
LF:3
LH:0
BRDA:15,0,0,0
BRDA:24,1,0,0
BRDA:24,1,1,0
BRDA:25,2,0,0
BRDA:25,2,1,0
BRDA:26,3,0,0
BRDA:26,3,1,0
BRDA:27,4,0,0
BRDA:27,4,1,0
BRDA:28,5,0,0
BRDA:28,5,1,0
BRF:11
BRH:0
end_of_record
TN:
SF:components\ThemedView.tsx
FN:10,ThemedView
FNF:1
FNH:0
FNDA:0,ThemedView
DA:11,0
DA:13,0
LF:2
LH:0
BRF:0
BRH:0
end_of_record
TN:
SF:components\common\ErrorMessage.tsx
FN:8,(anonymous_0)
FNF:1
FNH:0
FNDA:0,(anonymous_0)
DA:8,0
DA:9,0
LF:2
LH:0
BRF:0
BRH:0
end_of_record
TN:
SF:components\common\Header.tsx
FN:18,(anonymous_0)
FNF:1
FNH:0
FNDA:0,(anonymous_0)
DA:18,0
DA:19,0
LF:2
LH:0
BRF:0
BRH:0
end_of_record
TN:
SF:components\common\Input.tsx
FN:18,(anonymous_0)
FNF:1
FNH:0
FNDA:0,(anonymous_0)
DA:18,0
DA:26,0
LF:2
LH:0
BRDA:22,0,0,0
BRDA:23,1,0,0
BRDA:28,2,0,0
BRDA:28,2,1,0
BRDA:36,3,0,0
BRDA:36,3,1,0
BRDA:39,4,0,0
BRDA:39,4,1,0
BRDA:40,5,0,0
BRDA:40,5,1,0
BRF:10
BRH:0
end_of_record
TN:
SF:components\common\Loading.tsx
FN:14,(anonymous_0)
FN:16,(anonymous_1)
FN:27,(anonymous_2)
FN:40,(anonymous_3)
FNF:4
FNH:0
FNDA:0,(anonymous_0)
FNDA:0,(anonymous_1)
FNDA:0,(anonymous_2)
FNDA:0,(anonymous_3)
DA:12,0
DA:14,0
DA:16,0
DA:27,0
DA:40,0
DA:51,0
LF:6
LH:0
BRF:0
BRH:0
end_of_record
TN:
SF:components\common\LoadingSpinner.tsx
FN:4,(anonymous_0)
FNF:1
FNH:0
FNDA:0,(anonymous_0)
DA:4,0
DA:5,0
LF:2
LH:0
BRF:0
BRH:0
end_of_record
TN:
SF:components\common\QuickActionButton.tsx
FN:14,(anonymous_0)
FNF:1
FNH:0
FNDA:0,(anonymous_0)
DA:14,0
DA:22,0
LF:2
LH:0
BRDA:24,0,0,0
BRDA:24,0,1,0
BRF:2
BRH:0
end_of_record
TN:
SF:components\common\StatCard.tsx
FN:14,(anonymous_0)
FNF:1
FNH:0
FNDA:0,(anonymous_0)
DA:14,0
DA:22,0
LF:2
LH:0
BRDA:35,0,0,0
BRDA:35,0,1,0
BRDA:41,1,0,0
BRDA:41,1,1,0
BRF:4
BRH:0
end_of_record
TN:
SF:components\products\AddProduct.tsx
FN:38,(anonymous_0)
FN:59,(anonymous_1)
FN:67,(anonymous_2)
FN:77,(anonymous_3)
FN:86,(anonymous_4)
FN:94,(anonymous_5)
FN:95,(anonymous_6)
FN:99,(anonymous_7)
FN:104,(anonymous_8)
FN:151,(anonymous_9)
FN:189,(anonymous_10)
FN:199,(anonymous_11)
FN:208,(anonymous_12)
FN:217,(anonymous_13)
FN:228,(anonymous_14)
FN:231,(anonymous_15)
FN:259,(anonymous_16)
FN:267,(anonymous_17)
FN:276,(anonymous_18)
FN:284,(anonymous_19)
FN:296,(anonymous_20)
FN:308,(anonymous_21)
FN:311,(anonymous_22)
FNF:23
FNH:0
FNDA:0,(anonymous_0)
FNDA:0,(anonymous_1)
FNDA:0,(anonymous_2)
FNDA:0,(anonymous_3)
FNDA:0,(anonymous_4)
FNDA:0,(anonymous_5)
FNDA:0,(anonymous_6)
FNDA:0,(anonymous_7)
FNDA:0,(anonymous_8)
FNDA:0,(anonymous_9)
FNDA:0,(anonymous_10)
FNDA:0,(anonymous_11)
FNDA:0,(anonymous_12)
FNDA:0,(anonymous_13)
FNDA:0,(anonymous_14)
FNDA:0,(anonymous_15)
FNDA:0,(anonymous_16)
FNDA:0,(anonymous_17)
FNDA:0,(anonymous_18)
FNDA:0,(anonymous_19)
FNDA:0,(anonymous_20)
FNDA:0,(anonymous_21)
FNDA:0,(anonymous_22)
DA:36,0
DA:38,0
DA:39,0
DA:40,0
DA:41,0
DA:51,0
DA:53,0
DA:54,0
DA:59,0
DA:60,0
DA:61,0
DA:62,0
DA:63,0
DA:64,0
DA:67,0
DA:68,0
DA:69,0
DA:70,0
DA:71,0
DA:72,0
DA:73,0
DA:74,0
DA:77,0
DA:78,0
DA:79,0
DA:80,0
DA:81,0
DA:82,0
DA:83,0
DA:86,0
DA:87,0
DA:88,0
DA:89,0
DA:90,0
DA:94,0
DA:95,0
DA:96,0
DA:99,0
DA:100,0
DA:102,0
DA:103,0
DA:104,0
DA:105,0
DA:129,0
DA:135,0
DA:137,0
DA:138,0
DA:139,0
DA:140,0
DA:145,0
DA:147,0
DA:151,0
DA:166,0
DA:189,0
DA:190,0
DA:199,0
DA:200,0
DA:201,0
DA:202,0
DA:203,0
DA:204,0
DA:208,0
DA:209,0
DA:211,0
DA:217,0
DA:229,0
DA:232,0
DA:233,0
DA:253,0
DA:259,0
DA:267,0
DA:276,0
DA:284,0
DA:290,0
DA:296,0
DA:309,0
DA:312,0
DA:313,0
DA:347,0
LF:79
LH:0
BRDA:61,0,0,0
BRDA:61,0,1,0
BRDA:62,1,0,0
BRDA:62,1,1,0
BRDA:69,2,0,0
BRDA:69,2,1,0
BRDA:70,3,0,0
BRDA:70,3,1,0
BRDA:71,4,0,0
BRDA:71,4,1,0
BRDA:72,5,0,0
BRDA:72,5,1,0
BRDA:79,6,0,0
BRDA:79,6,1,0
BRDA:80,7,0,0
BRDA:80,7,1,0
BRDA:81,8,0,0
BRDA:81,8,1,0
BRDA:87,9,0,0
BRDA:87,9,1,0
BRDA:87,10,0,0
BRDA:87,10,1,0
BRDA:89,11,0,0
BRDA:89,11,1,0
BRDA:89,12,0,0
BRDA:89,12,1,0
BRDA:100,13,0,0
BRDA:100,13,1,0
BRDA:112,14,0,0
BRDA:112,14,1,0
BRDA:115,15,0,0
BRDA:115,15,1,0
BRDA:118,16,0,0
BRDA:118,16,1,0
BRDA:135,17,0,0
BRDA:135,17,1,0
BRDA:156,18,0,0
BRDA:168,19,0,0
BRDA:168,19,1,0
BRDA:170,20,0,0
BRDA:170,20,1,0
BRDA:183,21,0,0
BRDA:183,21,1,0
BRDA:191,22,0,0
BRDA:191,22,1,0
BRDA:193,23,0,0
BRDA:193,23,1,0
BRDA:195,24,0,0
BRDA:195,24,1,0
BRDA:200,25,0,0
BRDA:200,25,1,0
BRDA:200,25,2,0
BRDA:200,25,3,0
BRDA:209,26,0,0
BRDA:209,26,1,0
BRDA:209,26,2,0
BRDA:236,27,0,0
BRDA:236,27,1,0
BRDA:239,28,0,0
BRDA:239,28,1,0
BRDA:245,29,0,0
BRDA:245,29,1,0
BRDA:316,30,0,0
BRDA:316,30,1,0
BRDA:320,31,0,0
BRDA:320,31,1,0
BRDA:322,32,0,0
BRDA:322,32,1,0
BRDA:328,33,0,0
BRDA:328,33,1,0
BRDA:330,34,0,0
BRDA:330,34,1,0
BRDA:338,35,0,0
BRDA:338,35,1,0
BRDA:347,36,0,0
BRDA:347,36,1,0
BRDA:350,37,0,0
BRDA:350,37,1,0
BRDA:373,38,0,0
BRDA:373,38,1,0
BRDA:384,39,0,0
BRDA:384,39,1,0
BRDA:387,40,0,0
BRDA:387,40,1,0
BRDA:390,41,0,0
BRDA:390,41,1,0
BRDA:395,42,0,0
BRDA:395,42,1,0
BRDA:397,43,0,0
BRDA:397,43,1,0
BRF:90
BRH:0
end_of_record
TN:
SF:components\products\ProductCard.tsx
FN:24,(anonymous_0)
FN:27,(anonymous_1)
FNF:2
FNH:0
FNDA:0,(anonymous_0)
FNDA:0,(anonymous_1)
DA:24,0
DA:25,0
DA:26,0
DA:27,0
DA:31,0
LF:5
LH:0
BRDA:48,0,0,0
BRDA:48,0,1,0
BRDA:53,1,0,0
BRDA:53,1,1,0
BRDA:57,2,0,0
BRDA:57,2,1,0
BRDA:92,3,0,0
BRDA:92,3,1,0
BRF:8
BRH:0
end_of_record
TN:
SF:components\products\ProductList.tsx
FN:33,(anonymous_0)
FN:56,(anonymous_1)
FN:60,(anonymous_2)
FNF:3
FNH:0
FNDA:0,(anonymous_0)
FNDA:0,(anonymous_1)
FNDA:0,(anonymous_2)
DA:33,0
DA:34,0
DA:36,0
DA:37,0
DA:50,0
DA:57,0
DA:60,0
LF:7
LH:0
BRDA:36,0,0,0
BRDA:36,0,1,0
BRF:2
BRH:0
end_of_record
TN:
SF:components\products\QuantityEditModal.tsx
FN:54,(anonymous_0)
FN:70,(anonymous_1)
FN:99,(anonymous_2)
FN:122,(anonymous_3)
FN:134,(anonymous_4)
FN:141,(anonymous_5)
FN:143,(anonymous_6)
FN:148,(anonymous_7)
FN:149,(anonymous_8)
FN:152,(anonymous_9)
FN:168,(anonymous_10)
FN:226,(anonymous_11)
FN:251,(anonymous_12)
FN:252,(anonymous_13)
FNF:14
FNH:0
FNDA:0,(anonymous_0)
FNDA:0,(anonymous_1)
FNDA:0,(anonymous_2)
FNDA:0,(anonymous_3)
FNDA:0,(anonymous_4)
FNDA:0,(anonymous_5)
FNDA:0,(anonymous_6)
FNDA:0,(anonymous_7)
FNDA:0,(anonymous_8)
FNDA:0,(anonymous_9)
FNDA:0,(anonymous_10)
FNDA:0,(anonymous_11)
FNDA:0,(anonymous_12)
FNDA:0,(anonymous_13)
DA:54,0
DA:58,0
DA:70,0
DA:71,0
DA:99,0
DA:100,0
DA:122,0
DA:128,0
DA:129,0
DA:130,0
DA:133,0
DA:134,0
DA:138,0
DA:141,0
DA:142,0
DA:143,0
DA:145,0
DA:148,0
DA:149,0
DA:152,0
DA:153,0
DA:154,0
DA:155,0
DA:159,0
DA:160,0
DA:161,0
DA:164,0
DA:166,0
DA:168,0
DA:169,0
DA:173,0
DA:176,0
DA:179,0
DA:192,0
DA:195,0
DA:197,0
DA:199,0
DA:203,0
DA:205,0
DA:209,0
DA:210,0
DA:213,0
DA:226,0
DA:251,0
DA:252,0
LF:45
LH:0
BRDA:75,0,0,0
BRDA:75,0,1,0
BRDA:79,1,0,0
BRDA:79,1,1,0
BRDA:115,2,0,0
BRDA:115,2,1,0
BRDA:138,3,0,0
BRDA:138,3,1,0
BRDA:145,4,0,0
BRDA:145,4,1,0
BRDA:149,5,0,0
BRDA:149,5,1,0
BRDA:153,6,0,0
BRDA:153,6,1,0
BRDA:153,7,0,0
BRDA:153,7,1,0
BRDA:159,8,0,0
BRDA:159,8,1,0
BRDA:169,9,0,0
BRDA:169,9,1,0
BRDA:209,10,0,0
BRDA:209,10,1,0
BRDA:209,11,0,0
BRDA:209,11,1,0
BRF:24
BRH:0
end_of_record
TN:
SF:components\products\RecentProductCard.tsx
FN:19,(anonymous_0)
FNF:1
FNH:0
FNDA:0,(anonymous_0)
DA:19,0
DA:20,0
DA:22,0
LF:3
LH:0
BRF:0
BRH:0
end_of_record
TN:
SF:components\search\ActiveFilters.tsx
FN:13,(anonymous_0)
FNF:1
FNH:0
FNDA:0,(anonymous_0)
DA:13,0
DA:20,0
DA:22,0
LF:3
LH:0
BRDA:20,0,0,0
BRDA:20,0,1,0
BRDA:20,1,0,0
BRDA:20,1,1,0
BRDA:28,2,0,0
BRDA:28,2,1,0
BRDA:37,3,0,0
BRDA:37,3,1,0
BRDA:40,4,0,0
BRDA:40,4,1,0
BRF:10
BRH:0
end_of_record
TN:
SF:components\search\CategoryList.tsx
FN:10,(anonymous_0)
FN:19,(anonymous_1)
FN:22,(anonymous_2)
FNF:3
FNH:0
FNDA:0,(anonymous_0)
FNDA:0,(anonymous_1)
FNDA:0,(anonymous_2)
DA:10,0
DA:11,0
DA:20,0
DA:22,0
LF:4
LH:0
BRDA:24,0,0,0
BRDA:24,0,1,0
BRDA:28,1,0,0
BRDA:28,1,1,0
BRF:4
BRH:0
end_of_record
TN:
SF:components\search\FilterPanel.tsx
FN:17,(anonymous_0)
FN:32,(anonymous_1)
FN:35,(anonymous_2)
FN:53,(anonymous_3)
FN:56,(anonymous_4)
FNF:5
FNH:0
FNDA:0,(anonymous_0)
FNDA:0,(anonymous_1)
FNDA:0,(anonymous_2)
FNDA:0,(anonymous_3)
FNDA:0,(anonymous_4)
DA:17,0
DA:27,0
DA:33,0
DA:35,0
DA:54,0
DA:57,0
DA:58,0
DA:60,0
DA:61,0
LF:9
LH:0
BRDA:37,0,0,0
BRDA:37,0,1,0
BRDA:41,1,0,0
BRDA:41,1,1,0
BRDA:57,2,0,0
BRDA:57,2,1,0
BRDA:58,3,0,0
BRDA:58,3,1,0
BRDA:65,4,0,0
BRDA:65,4,1,0
BRDA:68,5,0,0
BRDA:68,5,1,0
BRDA:69,6,0,0
BRDA:69,6,1,0
BRDA:72,7,0,0
BRDA:72,7,1,0
BRDA:74,8,0,0
BRDA:74,8,1,0
BRF:18
BRH:0
end_of_record
TN:
SF:components\search\SearchHeader.tsx
FN:6,(anonymous_0)
FN:17,(anonymous_1)
FNF:2
FNH:0
FNDA:0,(anonymous_0)
FNDA:0,(anonymous_1)
DA:6,0
DA:7,0
DA:9,0
DA:17,0
LF:4
LH:0
BRF:0
BRH:0
end_of_record
TN:
SF:components\ui\IconSymbol.ios.tsx
FN:4,IconSymbol
FNF:1
FNH:0
FNDA:0,IconSymbol
DA:17,0
LF:1
LH:0
BRDA:6,0,0,0
BRDA:9,1,0,0
BRF:2
BRH:0
end_of_record
TN:
SF:components\ui\IconSymbol.tsx
FN:30,IconSymbol
FNF:1
FNH:0
FNDA:0,IconSymbol
DA:9,0
DA:42,0
LF:2
LH:0
BRDA:32,0,0,0
BRF:1
BRH:0
end_of_record
TN:
SF:components\ui\TabBarBackground.ios.tsx
FN:6,BlurTabBarBackground
FN:18,useBottomTabOverflow
FNF:2
FNH:0
FNDA:0,BlurTabBarBackground
FNDA:0,useBottomTabOverflow
DA:7,0
DA:19,0
DA:20,0
DA:21,0
LF:4
LH:0
BRF:0
BRH:0
end_of_record
TN:
SF:components\ui\TabBarBackground.tsx
FN:4,useBottomTabOverflow
FNF:1
FNH:0
FNDA:0,useBottomTabOverflow
DA:5,0
LF:1
LH:0
BRF:0
BRH:0
end_of_record
TN:
SF:components\ui\bottom-sheet.tsx
FN:12,(anonymous_0)
FN:23,(anonymous_1)
FN:24,(anonymous_2)
FN:32,(anonymous_3)
FN:36,(anonymous_4)
FN:53,(anonymous_5)
FN:65,(anonymous_6)
FN:71,(anonymous_7)
FN:74,(anonymous_8)
FN:80,(anonymous_9)
FN:88,(anonymous_10)
FN:96,(anonymous_11)
FN:133,(anonymous_12)
FNF:13
FNH:0
FNDA:0,(anonymous_0)
FNDA:0,(anonymous_1)
FNDA:0,(anonymous_2)
FNDA:0,(anonymous_3)
FNDA:0,(anonymous_4)
FNDA:0,(anonymous_5)
FNDA:0,(anonymous_6)
FNDA:0,(anonymous_7)
FNDA:0,(anonymous_8)
FNDA:0,(anonymous_9)
FNDA:0,(anonymous_10)
FNDA:0,(anonymous_11)
FNDA:0,(anonymous_12)
DA:4,0
DA:12,0
DA:17,0
DA:18,0
DA:19,0
DA:20,0
DA:23,0
DA:24,0
DA:25,0
DA:26,0
DA:27,0
DA:29,0
DA:32,0
DA:36,0
DA:37,0
DA:38,0
DA:53,0
DA:54,0
DA:66,0
DA:70,0
DA:72,0
DA:75,0
DA:81,0
DA:82,0
DA:83,0
DA:84,0
DA:86,0
DA:89,0
DA:91,0
DA:92,0
DA:93,0
DA:96,0
DA:97,0
DA:98,0
DA:99,0
DA:100,0
DA:105,0
DA:106,0
DA:108,0
DA:111,0
DA:112,0
DA:113,0
DA:115,0
DA:116,0
DA:122,0
DA:123,0
DA:124,0
DA:128,0
DA:134,0
DA:135,0
DA:140,0
LF:51
LH:0
BRDA:14,0,0,0
BRDA:25,1,0,0
BRDA:25,1,1,0
BRDA:82,2,0,0
BRDA:82,2,1,0
BRDA:82,3,0,0
BRDA:82,3,1,0
BRDA:98,4,0,0
BRDA:98,4,1,0
BRDA:105,5,0,0
BRDA:105,5,1,0
BRDA:106,6,0,0
BRDA:106,6,1,0
BRDA:112,7,0,0
BRDA:112,7,1,0
BRDA:122,8,0,0
BRDA:122,8,1,0
BRF:17
BRH:0
end_of_record
TN:
SF:constants\Colors.ts
FNF:0
FNH:0
DA:6,0
DA:7,0
DA:9,0
LF:3
LH:0
BRF:0
BRH:0
end_of_record
TN:
SF:hooks\useAuth.ts
FN:17,(anonymous_0)
FN:20,(anonymous_1)
FN:23,(anonymous_2)
FNF:3
FNH:0
FNDA:0,(anonymous_0)
FNDA:0,(anonymous_1)
FNDA:0,(anonymous_2)
DA:17,0
DA:18,0
DA:19,0
DA:20,0
DA:23,0
DA:24,0
DA:25,0
DA:26,0
DA:29,0
LF:9
LH:0
BRF:0
BRH:0
end_of_record
TN:
SF:hooks\useColorScheme.ts
FNF:0
FNH:0
LF:0
LH:0
BRF:0
BRH:0
end_of_record
TN:
SF:hooks\useColorScheme.web.ts
FN:7,useColorScheme
FN:10,(anonymous_1)
FNF:2
FNH:0
FNDA:0,useColorScheme
FNDA:0,(anonymous_1)
DA:8,0
DA:10,0
DA:11,0
DA:14,0
DA:16,0
DA:17,0
DA:20,0
LF:7
LH:0
BRDA:16,0,0,0
BRDA:16,0,1,0
BRF:2
BRH:0
end_of_record
TN:
SF:hooks\useProducts.ts
FN:14,(anonymous_0)
FN:21,(anonymous_1)
FN:23,(anonymous_2)
FN:32,(anonymous_3)
FN:33,(anonymous_4)
FN:34,(anonymous_5)
FN:35,(anonymous_6)
FN:37,(anonymous_7)
FN:38,(anonymous_8)
FNF:9
FNH:0
FNDA:0,(anonymous_0)
FNDA:0,(anonymous_1)
FNDA:0,(anonymous_2)
FNDA:0,(anonymous_3)
FNDA:0,(anonymous_4)
FNDA:0,(anonymous_5)
FNDA:0,(anonymous_6)
FNDA:0,(anonymous_7)
FNDA:0,(anonymous_8)
DA:14,0
DA:15,0
DA:21,0
DA:23,0
DA:24,0
DA:27,0
DA:32,0
DA:33,0
DA:34,0
DA:36,0
DA:37,0
DA:38,0
LF:12
LH:0
BRF:0
BRH:0
end_of_record
TN:
SF:hooks\useStatistics.ts
FN:10,(anonymous_0)
FN:13,(anonymous_1)
FN:16,(anonymous_2)
FN:20,(anonymous_3)
FN:24,(anonymous_4)
FNF:5
FNH:0
FNDA:0,(anonymous_0)
FNDA:0,(anonymous_1)
FNDA:0,(anonymous_2)
FNDA:0,(anonymous_3)
FNDA:0,(anonymous_4)
DA:10,0
DA:11,0
DA:12,0
DA:13,0
DA:16,0
DA:17,0
DA:20,0
DA:21,0
DA:24,0
DA:25,0
DA:28,0
LF:11
LH:0
BRF:0
BRH:0
end_of_record
TN:
SF:hooks\useThemeColor.ts
FN:9,useThemeColor
FNF:1
FNH:0
FNDA:0,useThemeColor
DA:13,0
DA:14,0
DA:16,0
DA:17,0
DA:19,0
LF:5
LH:0
BRDA:13,0,0,0
BRDA:13,0,1,0
BRDA:16,1,0,0
BRDA:16,1,1,0
BRF:4
BRH:0
end_of_record
TN:
SF:scripts\reset-project.js
FN:48,(anonymous_0)
FN:103,(anonymous_1)
FN:106,(anonymous_2)
FNF:3
FNH:0
FNDA:0,(anonymous_0)
FNDA:0,(anonymous_1)
FNDA:0,(anonymous_2)
DA:9,0
DA:10,0
DA:11,0
DA:13,0
DA:14,0
DA:15,0
DA:16,0
DA:17,0
DA:19,0
DA:36,0
DA:43,0
DA:48,0
DA:49,0
DA:50,0
DA:52,0
DA:53,0
DA:57,0
DA:58,0
DA:59,0
DA:60,0
DA:61,0
DA:62,0
DA:63,0
DA:65,0
DA:66,0
DA:69,0
DA:74,0
DA:75,0
DA:76,0
DA:79,0
DA:80,0
DA:81,0
DA:84,0
DA:85,0
DA:86,0
DA:88,0
DA:89,0
DA:97,0
DA:101,0
DA:104,0
DA:105,0
DA:106,0
DA:108,0
DA:109,0
LF:44
LH:0
BRDA:50,0,0,0
BRDA:50,0,1,0
BRDA:59,1,0,0
BRDA:59,1,1,0
BRDA:60,2,0,0
BRDA:60,2,1,0
BRDA:91,3,0,0
BRDA:91,3,1,0
BRDA:104,4,0,0
BRDA:104,4,1,0
BRDA:105,5,0,0
BRDA:105,5,1,0
BRDA:105,6,0,0
BRDA:105,6,1,0
BRF:14
BRH:0
end_of_record
TN:
SF:store\store.ts
FNF:0
FNH:0
DA:6,0
LF:1
LH:0
BRF:0
BRH:0
end_of_record
TN:
SF:store\slices\authSlice.ts
FN:28,(anonymous_0)
FN:32,(anonymous_1)
FN:38,(anonymous_2)
FN:42,(anonymous_3)
FNF:4
FNH:0
FNDA:0,(anonymous_0)
FNDA:0,(anonymous_1)
FNDA:0,(anonymous_2)
FNDA:0,(anonymous_3)
DA:17,0
DA:24,0
DA:29,0
DA:30,0
DA:33,0
DA:34,0
DA:35,0
DA:36,0
DA:39,0
DA:40,0
DA:43,0
DA:44,0
DA:45,0
DA:46,0
DA:51,0
LF:15
LH:0
BRF:0
BRH:0
end_of_record
TN:
SF:store\slices\productsSlice.ts
FN:21,(anonymous_0)
FN:28,(anonymous_1)
FN:35,(anonymous_2)
FN:42,(anonymous_3)
FN:51,(anonymous_4)
FN:54,(anonymous_5)
FN:58,(anonymous_6)
FN:61,(anonymous_7)
FN:65,(anonymous_8)
FN:69,(anonymous_9)
FN:74,(anonymous_10)
FN:78,(anonymous_11)
FN:82,(anonymous_12)
FN:83,(anonymous_13)
FNF:14
FNH:0
FNDA:0,(anonymous_0)
FNDA:0,(anonymous_1)
FNDA:0,(anonymous_2)
FNDA:0,(anonymous_3)
FNDA:0,(anonymous_4)
FNDA:0,(anonymous_5)
FNDA:0,(anonymous_6)
FNDA:0,(anonymous_7)
FNDA:0,(anonymous_8)
FNDA:0,(anonymous_9)
FNDA:0,(anonymous_10)
FNDA:0,(anonymous_11)
FNDA:0,(anonymous_12)
FNDA:0,(anonymous_13)
DA:12,0
DA:19,0
DA:22,0
DA:26,0
DA:29,0
DA:33,0
DA:36,0
DA:40,0
DA:43,0
DA:47,0
DA:52,0
DA:55,0
DA:59,0
DA:62,0
DA:63,0
DA:66,0
DA:67,0
DA:70,0
DA:71,0
DA:75,0
DA:79,0
DA:83,0
DA:84,0
DA:86,0
DA:87,0
DA:89,0
DA:94,0
LF:27
LH:0
BRDA:71,0,0,0
BRDA:71,0,1,0
BRDA:84,1,0,0
BRDA:84,1,1,0
BRDA:86,2,0,0
BRDA:86,2,1,0
BRF:6
BRH:0
end_of_record
TN:
SF:store\slices\statisticsSlice.ts
FN:31,(anonymous_0)
FN:43,(anonymous_1)
FN:55,(anonymous_2)
FN:69,(anonymous_3)
FN:76,(anonymous_4)
FN:82,(anonymous_5)
FN:88,(anonymous_6)
FN:90,(anonymous_7)
FN:94,(anonymous_8)
FN:98,(anonymous_9)
FN:102,(anonymous_10)
FN:106,(anonymous_11)
FN:110,(anonymous_12)
FN:114,(anonymous_13)
FN:118,(anonymous_14)
FN:122,(anonymous_15)
FNF:16
FNH:0
FNDA:0,(anonymous_0)
FNDA:0,(anonymous_1)
FNDA:0,(anonymous_2)
FNDA:0,(anonymous_3)
FNDA:0,(anonymous_4)
FNDA:0,(anonymous_5)
FNDA:0,(anonymous_6)
FNDA:0,(anonymous_7)
FNDA:0,(anonymous_8)
FNDA:0,(anonymous_9)
FNDA:0,(anonymous_10)
FNDA:0,(anonymous_11)
FNDA:0,(anonymous_12)
FNDA:0,(anonymous_13)
FNDA:0,(anonymous_14)
FNDA:0,(anonymous_15)
DA:21,0
DA:29,0
DA:32,0
DA:33,0
DA:34,0
DA:36,0
DA:41,0
DA:44,0
DA:45,0
DA:46,0
DA:48,0
DA:53,0
DA:56,0
DA:57,0
DA:58,0
DA:60,0
DA:65,0
DA:70,0
DA:71,0
DA:72,0
DA:73,0
DA:74,0
DA:77,0
DA:78,0
DA:79,0
DA:83,0
DA:84,0
DA:89,0
DA:91,0
DA:92,0
DA:95,0
DA:96,0
DA:99,0
DA:100,0
DA:103,0
DA:104,0
DA:107,0
DA:108,0
DA:111,0
DA:112,0
DA:115,0
DA:116,0
DA:119,0
DA:120,0
DA:123,0
DA:124,0
DA:133,0
LF:47
LH:0
BRDA:77,0,0,0
BRDA:77,0,1,0
BRDA:83,1,0,0
BRDA:83,1,1,0
BRF:4
BRH:0
end_of_record
TN:
SF:types\home.types.ts
FNF:0
FNH:0
LF:0
LH:0
BRF:0
BRH:0
end_of_record
TN:
SF:types\product.ts
FNF:0
FNH:0
LF:0
LH:0
BRF:0
BRH:0
end_of_record
TN:
SF:types\search.types.ts
FNF:0
FNH:0
LF:0
LH:0
BRF:0
BRH:0
end_of_record
TN:
SF:utils\auth.ts
FN:6,(anonymous_0)
FN:19,(anonymous_1)
FN:35,(anonymous_2)
FNF:3
FNH:0
FNDA:0,(anonymous_0)
FNDA:0,(anonymous_1)
FNDA:0,(anonymous_2)
DA:3,0
DA:4,0
DA:6,0
DA:7,0
DA:8,0
DA:12,0
DA:14,0
DA:15,0
DA:19,0
DA:20,0
DA:21,0
DA:25,0
DA:30,0
DA:31,0
DA:35,0
DA:36,0
DA:37,0
DA:38,0
DA:40,0
DA:41,0
LF:20
LH:0
BRDA:27,0,0,0
BRDA:27,0,1,0
BRF:2
BRH:0
end_of_record
TN:
SF:utils\reportGenerator.ts
FN:3,(anonymous_0)
FN:60,(anonymous_1)
FN:72,(anonymous_2)
FNF:3
FNH:0
FNDA:0,(anonymous_0)
FNDA:0,(anonymous_1)
FNDA:0,(anonymous_2)
DA:3,0
DA:4,0
DA:60,0
DA:72,0
LF:4
LH:0
BRDA:63,0,0,0
BRDA:63,0,1,0
BRF:2
BRH:0
end_of_record
